[35m[Appium][39m Welcome to Appium v1.22.3
[35m[Appium][39m Non-default server args:
[35m[Appium][39m   port: 53831
[35m[Appium][39m   loglevel: info
[35m[Appium][39m   tmpDir: C:\Users\Muqi\AppData\Local\Temp\\Katalon\Appium\Temp1685944528478
[35m[Appium][39m   chromedriverPort: 53832
[35m[Appium][39m Deprecated server args:
[35m[Appium][39m   [31m--chromedriver-port[39m => --default-capabilities
[35m[Appium][39m Default capabilities, which will be added to each request unless overridden by desired capabilities:
[35m[Appium][39m   chromedriverPort: 53832
[35m[Appium][39m Appium REST http interface listener started on 0.0.0.0:53831
[35m[HTTP][39m [37m-->[39m [37mGET[39m [37m/wd/hub/status[39m
[35m[HTTP][39m [90m{}[39m
[35m[HTTP][39m [37m<-- GET /wd/hub/status [39m[32m200[39m [90m5 ms - 68[39m
[35m[HTTP][39m [90m[39m
[35m[HTTP][39m [37m-->[39m [37mGET[39m [37m/wd/hub/status[39m
[35m[HTTP][39m [90m{}[39m
[35m[HTTP][39m [37m<-- GET /wd/hub/status [39m[32m200[39m [90m1 ms - 68[39m
[35m[HTTP][39m [90m[39m
[35m[HTTP][39m [37m-->[39m [37mPOST[39m [37m/wd/hub/session[39m
[35m[HTTP][39m [90m{"desiredCapabilities":{"appPackage":"com.android.settings","appWaitActivity":"*","deviceId":"","deviceName":"emulator-5554 (sdk_gphone_x86_64 - Android 13)","platform":"ANDROID","appActivity":".Settings","newCommandTimeout":1800,"appWaitforLunch":"false","platformVersion":"13","automationName":"uiautomator2","autoGrantPermissions":true,"platformName":"Android","udid":"emulator-5554","systemPort":8281},"capabilities":{"firstMatch":[{"appium:appActivity":".Settings","appium:appPackage":"com.android.settings","appium:appWaitActivity":"*","appWaitforLunch":"false","appium:autoGrantPermissions":true,"appium:automationName":"uiautomator2","deviceId":"","appium:deviceName":"emulator-5554 (sdk_gphone_x86_64 - Android 13)","appium:newCommandTimeout":1800,"platform":"ANDROID","platformName":"android","appium:platformVersion":"13","appium:systemPort":8281,"appium:udid":"emulator-5554"}]}}[39m
[35m[BaseDriver][39m The following capabilities are not standard capabilities and should have an extension prefix:
[35m[BaseDriver][39m   appWaitforLunch
[35m[BaseDriver][39m   deviceId
[35m[BaseDriver][39m   platform
[35m[BaseDriver][39m   chromedriverPort
[35m[Appium][39m Appium v1.22.3 creating new AndroidUiautomator2Driver (v1.70.1) session
[35m[BaseDriver][39m The following capabilities were provided, but are not recognized by Appium:
[35m[BaseDriver][39m   appWaitforLunch
[35m[BaseDriver][39m   deviceId
[35m[BaseDriver][39m   platform
[35m[BaseDriver][39m Session created with session id: 76780a22-ea7a-4dba-971f-10c31417b586
[35m[UiAutomator2][39m Starting 'com.android.settings' directly on the device
[35m[ADB][39m Found 1 'build-tools' folders under 'C:\Users\Muqi\.katalon\tools\android_sdk' (newest first):
[35m[ADB][39m     C:/Users/Muqi/.katalon/tools/android_sdk/build-tools/29.0.3
[35m[ADB][39m Using 'adb.exe' from 'C:\Users\Muqi\.katalon\tools\android_sdk\platform-tools\adb.exe'
[35m[AndroidDriver][39m Retrieving device list
[35m[AndroidDriver][39m Using device: emulator-5554
[35m[ADB][39m Using 'adb.exe' from 'C:\Users\Muqi\.katalon\tools\android_sdk\platform-tools\adb.exe'
[35m[ADB][39m Getting device platform version
[35m[UiAutomator2][39m Relaxing hidden api policy
[35m[AndroidDriver][39m No app sent in, not parsing package/activity
[35m[ADB][39m Using 'apksigner.jar' from 'C:\Users\Muqi\.katalon\tools\android_sdk\build-tools\29.0.3\lib\apksigner.jar'
[35m[ADB][39m 'C:\Users\Muqi\AppData\Roaming\npm\node_modules\appium\node_modules\appium-uiautomator2-server\apks\appium-uiautomator2-server-v4.27.0.apk' is signed with the default certificate
[35m[ADB][39m 'C:\Users\Muqi\AppData\Roaming\npm\node_modules\appium\node_modules\appium-uiautomator2-server\apks\appium-uiautomator2-server-debug-androidTest.apk' is signed with the default certificate
[35m[UiAutomator2][39m Server packages are not going to be (re)installed
[35m[ADB][39m Adding packages ["io.appium.settings","io.appium.uiautomator2.server","io.appium.uiautomator2.server.test"] to Doze whitelist
[35m[UiAutomator2][39m Starting UIAutomator2 server 4.27.0
[35m[UiAutomator2][39m Using UIAutomator2 server from 'C:\Users\Muqi\AppData\Roaming\npm\node_modules\appium\node_modules\appium-uiautomator2-server\apks\appium-uiautomator2-server-v4.27.0.apk' and test from 'C:\Users\Muqi\AppData\Roaming\npm\node_modules\appium\node_modules\appium-uiautomator2-server\apks\appium-uiautomator2-server-debug-androidTest.apk'
[35m[UiAutomator2][39m Waiting up to 30000ms for UiAutomator2 to be online...
[35m[WD Proxy][39m socket hang up
[35m[WD Proxy][39m socket hang up
[35m[WD Proxy][39m socket hang up
[35m[WD Proxy][39m Determined the downstream protocol as 'W3C'
[35m[AndroidDriver][39m Screen already unlocked, doing nothing
[35m[UiAutomator2][39m Starting 'com.android.settings/.Settings and waiting for 'com.android.settings/*'
[35m[Appium][39m New AndroidUiautomator2Driver session created successfully, session 76780a22-ea7a-4dba-971f-10c31417b586 added to master session list
[35m[HTTP][39m [37m<-- POST /wd/hub/session [39m[32m200[39m [90m8767 ms - 1315[39m
[35m[HTTP][39m [90m[39m
[35m[HTTP][39m [37m-->[39m [37mGET[39m [37m/wd/hub/session/76780a22-ea7a-4dba-971f-10c31417b586[39m
[35m[HTTP][39m [90m{}[39m
[35m[HTTP][39m [37m<-- GET /wd/hub/session/76780a22-ea7a-4dba-971f-10c31417b586 [39m[32m200[39m [90m18 ms - 1269[39m
[35m[HTTP][39m [90m[39m
[35m[HTTP][39m [37m-->[39m [37mGET[39m [37m/wd/hub/session/76780a22-ea7a-4dba-971f-10c31417b586[39m
[35m[HTTP][39m [90m{}[39m
[35m[HTTP][39m [37m<-- GET /wd/hub/session/76780a22-ea7a-4dba-971f-10c31417b586 [39m[32m200[39m [90m10 ms - 1269[39m
[35m[HTTP][39m [90m[39m
[35m[HTTP][39m [37m-->[39m [37mGET[39m [37m/wd/hub/status[39m
[35m[HTTP][39m [90m{}[39m
[35m[HTTP][39m [37m<-- GET /wd/hub/status [39m[32m200[39m [90m1 ms - 68[39m
[35m[HTTP][39m [90m[39m
[35m[HTTP][39m [37m-->[39m [37mPOST[39m [37m/wd/hub/session/76780a22-ea7a-4dba-971f-10c31417b586/timeouts[39m
[35m[HTTP][39m [90m{"implicit":60000}[39m
[35m[HTTP][39m [37m<-- POST /wd/hub/session/76780a22-ea7a-4dba-971f-10c31417b586/timeouts [39m[32m200[39m [90m3 ms - 14[39m
[35m[HTTP][39m [90m[39m
[35m[HTTP][39m [37m-->[39m [37mGET[39m [37m/wd/hub/session/76780a22-ea7a-4dba-971f-10c31417b586/screenshot[39m
[35m[HTTP][39m [90m{}[39m
[35m[HTTP][39m [37m<-- GET /wd/hub/session/76780a22-ea7a-4dba-971f-10c31417b586/screenshot [39m[32m200[39m [90m732 ms - 282594[39m
[35m[HTTP][39m [90m[39m
[35m[HTTP][39m [37m-->[39m [37mGET[39m [37m/wd/hub/session/76780a22-ea7a-4dba-971f-10c31417b586/window/rect[39m
[35m[HTTP][39m [90m{}[39m
[35m[HTTP][39m [37m<-- GET /wd/hub/session/76780a22-ea7a-4dba-971f-10c31417b586/window/rect [39m[32m200[39m [90m15 ms - 50[39m
[35m[HTTP][39m [90m[39m
[35m[HTTP][39m [37m-->[39m [37mGET[39m [37m/wd/hub/session/76780a22-ea7a-4dba-971f-10c31417b586/appium/device/system_bars[39m
[35m[HTTP][39m [90m{}[39m
[35m[HTTP][39m [37m<-- GET /wd/hub/session/76780a22-ea7a-4dba-971f-10c31417b586/appium/device/system_bars [39m[32m200[39m [90m52 ms - 145[39m
[35m[HTTP][39m [90m[39m
[35m[HTTP][39m [37m-->[39m [37mPOST[39m [37m/wd/hub/session/76780a22-ea7a-4dba-971f-10c31417b586/appium/device/activate_app[39m
[35m[HTTP][39m [90m{"bundleId":"id.binar.fp.secondhand"}[39m
[35m[HTTP][39m [37m<-- POST /wd/hub/session/76780a22-ea7a-4dba-971f-10c31417b586/appium/device/activate_app [39m[32m200[39m [90m403 ms - 14[39m
[35m[HTTP][39m [90m[39m
[35m[HTTP][39m [37m-->[39m [37mGET[39m [37m/wd/hub/session/76780a22-ea7a-4dba-971f-10c31417b586/source[39m
[35m[HTTP][39m [90m{}[39m
[35m[W3C (76780a22)][39m Driver proxy active, passing request on via HTTP proxy
[35m[WD Proxy][39m Replacing sessionId e692f873-4163-456d-81cd-0c7820922136 with 76780a22-ea7a-4dba-971f-10c31417b586
[35m[HTTP][39m [37m<-- GET /wd/hub/session/76780a22-ea7a-4dba-971f-10c31417b586/source [39m[32m200[39m [90m1598 ms - 20085[39m
[35m[HTTP][39m [90m[39m
[35m[HTTP][39m [37m-->[39m [37mGET[39m [37m/wd/hub/session/76780a22-ea7a-4dba-971f-10c31417b586/screenshot[39m
[35m[HTTP][39m [90m{}[39m
[35m[HTTP][39m [37m<-- GET /wd/hub/session/76780a22-ea7a-4dba-971f-10c31417b586/screenshot [39m[32m200[39m [90m354 ms - 196290[39m
[35m[HTTP][39m [90m[39m
[35m[HTTP][39m [37m-->[39m [37mPOST[39m [37m/wd/hub/session/76780a22-ea7a-4dba-971f-10c31417b586/elements[39m
[35m[HTTP][39m [90m{"using":"xpath","value":"//*[@class = 'android.widget.Button' and (@text = 'Terbitkan' or . = 'Terbitkan') and @resource-id = 'id.binar.fp.secondhand:id/btn_publish']"}[39m
[35m[HTTP][39m [37m<-- POST /wd/hub/session/76780a22-ea7a-4dba-971f-10c31417b586/elements [39m[32m200[39m [90m175 ms - 139[39m
[35m[HTTP][39m [90m[39m
[35m[HTTP][39m [37m-->[39m [37mPOST[39m [37m/wd/hub/session/76780a22-ea7a-4dba-971f-10c31417b586/elements[39m
[35m[HTTP][39m [90m{"using":"xpath","value":"//*[@class = 'android.view.ViewGroup' and @resource-id = 'id.binar.fp.secondhand:id/layout_button' and (@text = '' or . = '')]"}[39m
[35m[HTTP][39m [37m<-- POST /wd/hub/session/76780a22-ea7a-4dba-971f-10c31417b586/elements [39m[32m200[39m [90m60 ms - 139[39m
[35m[HTTP][39m [90m[39m
[35m[HTTP][39m [37m-->[39m [37mPOST[39m [37m/wd/hub/session/76780a22-ea7a-4dba-971f-10c31417b586/elements[39m
[35m[HTTP][39m [90m{"using":"xpath","value":"//*[@class = 'android.widget.Button' and (@text = 'Preview' or . = 'Preview') and @resource-id = 'id.binar.fp.secondhand:id/btn_preview']"}[39m
[35m[HTTP][39m [37m<-- POST /wd/hub/session/76780a22-ea7a-4dba-971f-10c31417b586/elements [39m[32m200[39m [90m42 ms - 139[39m
[35m[HTTP][39m [90m[39m
[35m[HTTP][39m [37m-->[39m [37mPOST[39m [37m/wd/hub/session/76780a22-ea7a-4dba-971f-10c31417b586/elements[39m
[35m[HTTP][39m [90m{"using":"xpath","value":"//*[@class = 'android.widget.Button' and (@text = 'Terbitkan' or . = 'Terbitkan') and @resource-id = 'id.binar.fp.secondhand:id/btn_publish']"}[39m
[35m[HTTP][39m [37m<-- POST /wd/hub/session/76780a22-ea7a-4dba-971f-10c31417b586/elements [39m[32m200[39m [90m53 ms - 139[39m
[35m[HTTP][39m [90m[39m
[35m[HTTP][39m [37m-->[39m [37mPOST[39m [37m/wd/hub/session/76780a22-ea7a-4dba-971f-10c31417b586/elements[39m
[35m[HTTP][39m [90m{"using":"xpath","value":"//*[@class = 'android.view.View' and @resource-id = 'android:id/navigationBarBackground' and (@text = '' or . = '')]"}[39m
[35m[HTTP][39m [37m<-- POST /wd/hub/session/76780a22-ea7a-4dba-971f-10c31417b586/elements [39m[32m200[39m [90m42 ms - 139[39m
[35m[HTTP][39m [90m[39m
[35m[HTTP][39m [37m-->[39m [37mPOST[39m [37m/wd/hub/session/76780a22-ea7a-4dba-971f-10c31417b586/elements[39m
[35m[HTTP][39m [90m{"using":"xpath","value":"//*[@class = 'android.widget.Button' and (@text = 'Terbitkan' or . = 'Terbitkan') and @resource-id = 'id.binar.fp.secondhand:id/btn_publish']"}[39m
[35m[HTTP][39m [37m<-- POST /wd/hub/session/76780a22-ea7a-4dba-971f-10c31417b586/elements [39m[32m200[39m [90m44 ms - 139[39m
[35m[HTTP][39m [90m[39m
[35m[HTTP][39m [37m-->[39m [37mPOST[39m [37m/wd/hub/session/76780a22-ea7a-4dba-971f-10c31417b586/timeouts[39m
[35m[HTTP][39m [90m{"implicit":1000}[39m
[35m[HTTP][39m [37m<-- POST /wd/hub/session/76780a22-ea7a-4dba-971f-10c31417b586/timeouts [39m[32m200[39m [90m1 ms - 14[39m
[35m[HTTP][39m [90m[39m
[35m[HTTP][39m [37m-->[39m [37mPOST[39m [37m/wd/hub/session/76780a22-ea7a-4dba-971f-10c31417b586/elements[39m
[35m[HTTP][39m [90m{"using":"xpath","value":"//*[@class = 'android.widget.Button' and (@text = 'Terbitkan' or . = 'Terbitkan') and @resource-id = 'id.binar.fp.secondhand:id/btn_publish']"}[39m
[35m[HTTP][39m [37m<-- POST /wd/hub/session/76780a22-ea7a-4dba-971f-10c31417b586/elements [39m[32m200[39m [90m38 ms - 139[39m
[35m[HTTP][39m [90m[39m
[35m[HTTP][39m [37m-->[39m [37mGET[39m [37m/wd/hub/session/76780a22-ea7a-4dba-971f-10c31417b586/element/00000000-0000-0013-ffff-ffff00000122/location[39m
[35m[HTTP][39m [90m{}[39m
[35m[W3C (76780a22)][39m Driver proxy active, passing request on via HTTP proxy
[35m[WD Proxy][39m Replacing sessionId e692f873-4163-456d-81cd-0c7820922136 with 76780a22-ea7a-4dba-971f-10c31417b586
[35m[HTTP][39m [37m<-- GET /wd/hub/session/76780a22-ea7a-4dba-971f-10c31417b586/element/00000000-0000-0013-ffff-ffff00000122/location [39m[32m200[39m [90m12 ms - 79[39m
[35m[HTTP][39m [90m[39m
[35m[HTTP][39m [37m-->[39m [37mGET[39m [37m/wd/hub/session/76780a22-ea7a-4dba-971f-10c31417b586/element/00000000-0000-0013-ffff-ffff00000122/size[39m
[35m[HTTP][39m [90m{}[39m
[35m[W3C (76780a22)][39m Driver proxy active, passing request on via HTTP proxy
[35m[WD Proxy][39m Replacing sessionId e692f873-4163-456d-81cd-0c7820922136 with 76780a22-ea7a-4dba-971f-10c31417b586
[35m[HTTP][39m [37m<-- GET /wd/hub/session/76780a22-ea7a-4dba-971f-10c31417b586/element/00000000-0000-0013-ffff-ffff00000122/size [39m[32m200[39m [90m9 ms - 86[39m
[35m[HTTP][39m [90m[39m
[35m[HTTP][39m [37m-->[39m [37mPOST[39m [37m/wd/hub/session/76780a22-ea7a-4dba-971f-10c31417b586/timeouts[39m
[35m[HTTP][39m [90m{"implicit":1000}[39m
[35m[HTTP][39m [37m<-- POST /wd/hub/session/76780a22-ea7a-4dba-971f-10c31417b586/timeouts [39m[32m200[39m [90m1 ms - 14[39m
[35m[HTTP][39m [90m[39m
[35m[HTTP][39m [37m-->[39m [37mPOST[39m [37m/wd/hub/session/76780a22-ea7a-4dba-971f-10c31417b586/elements[39m
[35m[HTTP][39m [90m{"using":"xpath","value":"//*[@class = 'android.widget.Button' and (@text = 'Terbitkan' or . = 'Terbitkan') and @resource-id = 'id.binar.fp.secondhand:id/btn_publish']"}[39m
[35m[HTTP][39m [37m<-- POST /wd/hub/session/76780a22-ea7a-4dba-971f-10c31417b586/elements [39m[32m200[39m [90m43 ms - 139[39m
[35m[HTTP][39m [90m[39m
[35m[HTTP][39m [37m-->[39m [37mGET[39m [37m/wd/hub/session/76780a22-ea7a-4dba-971f-10c31417b586/element/00000000-0000-0013-ffff-ffff00000122/location[39m
[35m[HTTP][39m [90m{}[39m
[35m[W3C (76780a22)][39m Driver proxy active, passing request on via HTTP proxy
[35m[WD Proxy][39m Replacing sessionId e692f873-4163-456d-81cd-0c7820922136 with 76780a22-ea7a-4dba-971f-10c31417b586
[35m[HTTP][39m [37m<-- GET /wd/hub/session/76780a22-ea7a-4dba-971f-10c31417b586/element/00000000-0000-0013-ffff-ffff00000122/location [39m[32m200[39m [90m10 ms - 79[39m
[35m[HTTP][39m [90m[39m
[35m[HTTP][39m [37m-->[39m [37mGET[39m [37m/wd/hub/session/76780a22-ea7a-4dba-971f-10c31417b586/element/00000000-0000-0013-ffff-ffff00000122/size[39m
[35m[HTTP][39m [90m{}[39m
[35m[W3C (76780a22)][39m Driver proxy active, passing request on via HTTP proxy
[35m[WD Proxy][39m Replacing sessionId e692f873-4163-456d-81cd-0c7820922136 with 76780a22-ea7a-4dba-971f-10c31417b586
[35m[HTTP][39m [37m<-- GET /wd/hub/session/76780a22-ea7a-4dba-971f-10c31417b586/element/00000000-0000-0013-ffff-ffff00000122/size [39m[32m200[39m [90m9 ms - 86[39m
[35m[HTTP][39m [90m[39m
[35m[HTTP][39m [37m-->[39m [37mPOST[39m [37m/wd/hub/session/76780a22-ea7a-4dba-971f-10c31417b586/timeouts[39m
[35m[HTTP][39m [90m{"implicit":1000}[39m
[35m[HTTP][39m [37m<-- POST /wd/hub/session/76780a22-ea7a-4dba-971f-10c31417b586/timeouts [39m[32m200[39m [90m1 ms - 14[39m
[35m[HTTP][39m [90m[39m
[35m[HTTP][39m [37m-->[39m [37mPOST[39m [37m/wd/hub/session/76780a22-ea7a-4dba-971f-10c31417b586/elements[39m
[35m[HTTP][39m [90m{"using":"xpath","value":"//*[@class = 'android.widget.Button' and (@text = 'Terbitkan' or . = 'Terbitkan') and @resource-id = 'id.binar.fp.secondhand:id/btn_publish']"}[39m
[35m[HTTP][39m [37m<-- POST /wd/hub/session/76780a22-ea7a-4dba-971f-10c31417b586/elements [39m[32m200[39m [90m40 ms - 139[39m
[35m[HTTP][39m [90m[39m
[35m[HTTP][39m [37m-->[39m [37mGET[39m [37m/wd/hub/session/76780a22-ea7a-4dba-971f-10c31417b586/element/00000000-0000-0013-ffff-ffff00000122/location[39m
[35m[HTTP][39m [90m{}[39m
[35m[W3C (76780a22)][39m Driver proxy active, passing request on via HTTP proxy
[35m[WD Proxy][39m Replacing sessionId e692f873-4163-456d-81cd-0c7820922136 with 76780a22-ea7a-4dba-971f-10c31417b586
[35m[HTTP][39m [37m<-- GET /wd/hub/session/76780a22-ea7a-4dba-971f-10c31417b586/element/00000000-0000-0013-ffff-ffff00000122/location [39m[32m200[39m [90m11 ms - 79[39m
[35m[HTTP][39m [90m[39m
[35m[HTTP][39m [37m-->[39m [37mGET[39m [37m/wd/hub/session/76780a22-ea7a-4dba-971f-10c31417b586/element/00000000-0000-0013-ffff-ffff00000122/size[39m
[35m[HTTP][39m [90m{}[39m
[35m[W3C (76780a22)][39m Driver proxy active, passing request on via HTTP proxy
[35m[WD Proxy][39m Replacing sessionId e692f873-4163-456d-81cd-0c7820922136 with 76780a22-ea7a-4dba-971f-10c31417b586
[35m[HTTP][39m [37m<-- GET /wd/hub/session/76780a22-ea7a-4dba-971f-10c31417b586/element/00000000-0000-0013-ffff-ffff00000122/size [39m[32m200[39m [90m18 ms - 86[39m
[35m[HTTP][39m [90m[39m
[35m[HTTP][39m [37m-->[39m [37mPOST[39m [37m/wd/hub/session/76780a22-ea7a-4dba-971f-10c31417b586/timeouts[39m
[35m[HTTP][39m [90m{"implicit":1000}[39m
[35m[HTTP][39m [37m<-- POST /wd/hub/session/76780a22-ea7a-4dba-971f-10c31417b586/timeouts [39m[32m200[39m [90m1 ms - 14[39m
[35m[HTTP][39m [90m[39m
[35m[HTTP][39m [37m-->[39m [37mPOST[39m [37m/wd/hub/session/76780a22-ea7a-4dba-971f-10c31417b586/elements[39m
[35m[HTTP][39m [90m{"using":"xpath","value":"//*[@class = 'android.widget.Button' and (@text = 'Terbitkan' or . = 'Terbitkan') and @resource-id = 'id.binar.fp.secondhand:id/btn_publish']"}[39m
[35m[HTTP][39m [37m<-- POST /wd/hub/session/76780a22-ea7a-4dba-971f-10c31417b586/elements [39m[32m200[39m [90m39 ms - 139[39m
[35m[HTTP][39m [90m[39m
[35m[HTTP][39m [37m-->[39m [37mGET[39m [37m/wd/hub/session/76780a22-ea7a-4dba-971f-10c31417b586/element/00000000-0000-0013-ffff-ffff00000122/location[39m
[35m[HTTP][39m [90m{}[39m
[35m[W3C (76780a22)][39m Driver proxy active, passing request on via HTTP proxy
[35m[WD Proxy][39m Replacing sessionId e692f873-4163-456d-81cd-0c7820922136 with 76780a22-ea7a-4dba-971f-10c31417b586
[35m[HTTP][39m [37m<-- GET /wd/hub/session/76780a22-ea7a-4dba-971f-10c31417b586/element/00000000-0000-0013-ffff-ffff00000122/location [39m[32m200[39m [90m12 ms - 79[39m
[35m[HTTP][39m [90m[39m
[35m[HTTP][39m [37m-->[39m [37mGET[39m [37m/wd/hub/session/76780a22-ea7a-4dba-971f-10c31417b586/element/00000000-0000-0013-ffff-ffff00000122/size[39m
[35m[HTTP][39m [90m{}[39m
[35m[W3C (76780a22)][39m Driver proxy active, passing request on via HTTP proxy
[35m[WD Proxy][39m Replacing sessionId e692f873-4163-456d-81cd-0c7820922136 with 76780a22-ea7a-4dba-971f-10c31417b586
[35m[HTTP][39m [37m<-- GET /wd/hub/session/76780a22-ea7a-4dba-971f-10c31417b586/element/00000000-0000-0013-ffff-ffff00000122/size [39m[32m200[39m [90m12 ms - 86[39m
[35m[HTTP][39m [90m[39m
[35m[HTTP][39m [37m-->[39m [37mPOST[39m [37m/wd/hub/session/76780a22-ea7a-4dba-971f-10c31417b586/timeouts[39m
[35m[HTTP][39m [90m{"implicit":1000}[39m
[35m[HTTP][39m [37m<-- POST /wd/hub/session/76780a22-ea7a-4dba-971f-10c31417b586/timeouts [39m[32m200[39m [90m1 ms - 14[39m
[35m[HTTP][39m [90m[39m
[35m[HTTP][39m [37m-->[39m [37mPOST[39m [37m/wd/hub/session/76780a22-ea7a-4dba-971f-10c31417b586/elements[39m
[35m[HTTP][39m [90m{"using":"xpath","value":"//*[@class = 'android.widget.Button' and (@text = 'Terbitkan' or . = 'Terbitkan') and @resource-id = 'id.binar.fp.secondhand:id/btn_publish']"}[39m
[35m[HTTP][39m [37m<-- POST /wd/hub/session/76780a22-ea7a-4dba-971f-10c31417b586/elements [39m[32m200[39m [90m37 ms - 139[39m
[35m[HTTP][39m [90m[39m
[35m[HTTP][39m [37m-->[39m [37mGET[39m [37m/wd/hub/session/76780a22-ea7a-4dba-971f-10c31417b586/element/00000000-0000-0013-ffff-ffff00000122/location[39m
[35m[HTTP][39m [90m{}[39m
[35m[W3C (76780a22)][39m Driver proxy active, passing request on via HTTP proxy
[35m[WD Proxy][39m Replacing sessionId e692f873-4163-456d-81cd-0c7820922136 with 76780a22-ea7a-4dba-971f-10c31417b586
[35m[HTTP][39m [37m<-- GET /wd/hub/session/76780a22-ea7a-4dba-971f-10c31417b586/element/00000000-0000-0013-ffff-ffff00000122/location [39m[32m200[39m [90m10 ms - 79[39m
[35m[HTTP][39m [90m[39m
[35m[HTTP][39m [37m-->[39m [37mGET[39m [37m/wd/hub/session/76780a22-ea7a-4dba-971f-10c31417b586/element/00000000-0000-0013-ffff-ffff00000122/size[39m
[35m[HTTP][39m [90m{}[39m
[35m[W3C (76780a22)][39m Driver proxy active, passing request on via HTTP proxy
[35m[WD Proxy][39m Replacing sessionId e692f873-4163-456d-81cd-0c7820922136 with 76780a22-ea7a-4dba-971f-10c31417b586
[35m[HTTP][39m [37m<-- GET /wd/hub/session/76780a22-ea7a-4dba-971f-10c31417b586/element/00000000-0000-0013-ffff-ffff00000122/size [39m[32m200[39m [90m11 ms - 86[39m
[35m[HTTP][39m [90m[39m
[35m[HTTP][39m [37m-->[39m [37mPOST[39m [37m/wd/hub/session/76780a22-ea7a-4dba-971f-10c31417b586/timeouts[39m
[35m[HTTP][39m [90m{"implicit":1000}[39m
[35m[HTTP][39m [37m<-- POST /wd/hub/session/76780a22-ea7a-4dba-971f-10c31417b586/timeouts [39m[32m200[39m [90m1 ms - 14[39m
[35m[HTTP][39m [90m[39m
[35m[HTTP][39m [37m-->[39m [37mPOST[39m [37m/wd/hub/session/76780a22-ea7a-4dba-971f-10c31417b586/elements[39m
[35m[HTTP][39m [90m{"using":"xpath","value":"//*[@class = 'android.widget.Button' and (@text = 'Terbitkan' or . = 'Terbitkan') and @resource-id = 'id.binar.fp.secondhand:id/btn_publish']"}[39m
[35m[HTTP][39m [37m<-- POST /wd/hub/session/76780a22-ea7a-4dba-971f-10c31417b586/elements [39m[32m200[39m [90m42 ms - 139[39m
[35m[HTTP][39m [90m[39m
[35m[HTTP][39m [37m-->[39m [37mGET[39m [37m/wd/hub/session/76780a22-ea7a-4dba-971f-10c31417b586/element/00000000-0000-0013-ffff-ffff00000122/location[39m
[35m[HTTP][39m [90m{}[39m
[35m[W3C (76780a22)][39m Driver proxy active, passing request on via HTTP proxy
[35m[WD Proxy][39m Replacing sessionId e692f873-4163-456d-81cd-0c7820922136 with 76780a22-ea7a-4dba-971f-10c31417b586
[35m[HTTP][39m [37m<-- GET /wd/hub/session/76780a22-ea7a-4dba-971f-10c31417b586/element/00000000-0000-0013-ffff-ffff00000122/location [39m[32m200[39m [90m10 ms - 79[39m
[35m[HTTP][39m [90m[39m
[35m[HTTP][39m [37m-->[39m [37mGET[39m [37m/wd/hub/session/76780a22-ea7a-4dba-971f-10c31417b586/element/00000000-0000-0013-ffff-ffff00000122/size[39m
[35m[HTTP][39m [90m{}[39m
[35m[W3C (76780a22)][39m Driver proxy active, passing request on via HTTP proxy
[35m[WD Proxy][39m Replacing sessionId e692f873-4163-456d-81cd-0c7820922136 with 76780a22-ea7a-4dba-971f-10c31417b586
[35m[HTTP][39m [37m<-- GET /wd/hub/session/76780a22-ea7a-4dba-971f-10c31417b586/element/00000000-0000-0013-ffff-ffff00000122/size [39m[32m200[39m [90m8 ms - 86[39m
[35m[HTTP][39m [90m[39m
[35m[HTTP][39m [37m-->[39m [37mPOST[39m [37m/wd/hub/session/76780a22-ea7a-4dba-971f-10c31417b586/timeouts[39m
[35m[HTTP][39m [90m{"implicit":1000}[39m
[35m[HTTP][39m [37m<-- POST /wd/hub/session/76780a22-ea7a-4dba-971f-10c31417b586/timeouts [39m[32m200[39m [90m1 ms - 14[39m
[35m[HTTP][39m [90m[39m
[35m[HTTP][39m [37m-->[39m [37mPOST[39m [37m/wd/hub/session/76780a22-ea7a-4dba-971f-10c31417b586/elements[39m
[35m[HTTP][39m [90m{"using":"xpath","value":"//*[@class = 'android.widget.Button' and (@text = 'Terbitkan' or . = 'Terbitkan') and @resource-id = 'id.binar.fp.secondhand:id/btn_publish']"}[39m
[35m[HTTP][39m [37m<-- POST /wd/hub/session/76780a22-ea7a-4dba-971f-10c31417b586/elements [39m[32m200[39m [90m32 ms - 139[39m
[35m[HTTP][39m [90m[39m
[35m[HTTP][39m [37m-->[39m [37mGET[39m [37m/wd/hub/session/76780a22-ea7a-4dba-971f-10c31417b586/element/00000000-0000-0013-ffff-ffff00000122/location[39m
[35m[HTTP][39m [90m{}[39m
[35m[W3C (76780a22)][39m Driver proxy active, passing request on via HTTP proxy
[35m[WD Proxy][39m Replacing sessionId e692f873-4163-456d-81cd-0c7820922136 with 76780a22-ea7a-4dba-971f-10c31417b586
[35m[HTTP][39m [37m<-- GET /wd/hub/session/76780a22-ea7a-4dba-971f-10c31417b586/element/00000000-0000-0013-ffff-ffff00000122/location [39m[32m200[39m [90m10 ms - 79[39m
[35m[HTTP][39m [90m[39m
[35m[HTTP][39m [37m-->[39m [37mGET[39m [37m/wd/hub/session/76780a22-ea7a-4dba-971f-10c31417b586/element/00000000-0000-0013-ffff-ffff00000122/size[39m
[35m[HTTP][39m [90m{}[39m
[35m[W3C (76780a22)][39m Driver proxy active, passing request on via HTTP proxy
[35m[WD Proxy][39m Replacing sessionId e692f873-4163-456d-81cd-0c7820922136 with 76780a22-ea7a-4dba-971f-10c31417b586
[35m[HTTP][39m [37m<-- GET /wd/hub/session/76780a22-ea7a-4dba-971f-10c31417b586/element/00000000-0000-0013-ffff-ffff00000122/size [39m[32m200[39m [90m9 ms - 86[39m
[35m[HTTP][39m [90m[39m
[35m[HTTP][39m [37m-->[39m [37mPOST[39m [37m/wd/hub/session/76780a22-ea7a-4dba-971f-10c31417b586/timeouts[39m
[35m[HTTP][39m [90m{"implicit":1000}[39m
[35m[HTTP][39m [37m<-- POST /wd/hub/session/76780a22-ea7a-4dba-971f-10c31417b586/timeouts [39m[32m200[39m [90m1 ms - 14[39m
[35m[HTTP][39m [90m[39m
[35m[HTTP][39m [37m-->[39m [37mPOST[39m [37m/wd/hub/session/76780a22-ea7a-4dba-971f-10c31417b586/elements[39m
[35m[HTTP][39m [90m{"using":"xpath","value":"//*[@class = 'android.widget.Button' and (@text = 'Terbitkan' or . = 'Terbitkan') and @resource-id = 'id.binar.fp.secondhand:id/btn_publish']"}[39m
[35m[HTTP][39m [37m<-- POST /wd/hub/session/76780a22-ea7a-4dba-971f-10c31417b586/elements [39m[32m200[39m [90m42 ms - 139[39m
[35m[HTTP][39m [90m[39m
[35m[HTTP][39m [37m-->[39m [37mGET[39m [37m/wd/hub/session/76780a22-ea7a-4dba-971f-10c31417b586/element/00000000-0000-0013-ffff-ffff00000122/location[39m
[35m[HTTP][39m [90m{}[39m
[35m[W3C (76780a22)][39m Driver proxy active, passing request on via HTTP proxy
[35m[WD Proxy][39m Replacing sessionId e692f873-4163-456d-81cd-0c7820922136 with 76780a22-ea7a-4dba-971f-10c31417b586
[35m[HTTP][39m [37m<-- GET /wd/hub/session/76780a22-ea7a-4dba-971f-10c31417b586/element/00000000-0000-0013-ffff-ffff00000122/location [39m[32m200[39m [90m11 ms - 79[39m
[35m[HTTP][39m [90m[39m
[35m[HTTP][39m [37m-->[39m [37mGET[39m [37m/wd/hub/session/76780a22-ea7a-4dba-971f-10c31417b586/element/00000000-0000-0013-ffff-ffff00000122/size[39m
[35m[HTTP][39m [90m{}[39m
[35m[W3C (76780a22)][39m Driver proxy active, passing request on via HTTP proxy
[35m[WD Proxy][39m Replacing sessionId e692f873-4163-456d-81cd-0c7820922136 with 76780a22-ea7a-4dba-971f-10c31417b586
[35m[HTTP][39m [37m<-- GET /wd/hub/session/76780a22-ea7a-4dba-971f-10c31417b586/element/00000000-0000-0013-ffff-ffff00000122/size [39m[32m200[39m [90m9 ms - 86[39m
[35m[HTTP][39m [90m[39m
[35m[HTTP][39m [37m-->[39m [37mPOST[39m [37m/wd/hub/session/76780a22-ea7a-4dba-971f-10c31417b586/timeouts[39m
[35m[HTTP][39m [90m{"implicit":1000}[39m
[35m[HTTP][39m [37m<-- POST /wd/hub/session/76780a22-ea7a-4dba-971f-10c31417b586/timeouts [39m[32m200[39m [90m1 ms - 14[39m
[35m[HTTP][39m [90m[39m
[35m[HTTP][39m [37m-->[39m [37mPOST[39m [37m/wd/hub/session/76780a22-ea7a-4dba-971f-10c31417b586/elements[39m
[35m[HTTP][39m [90m{"using":"xpath","value":"//*[@class = 'android.widget.Button' and (@text = 'Terbitkan' or . = 'Terbitkan') and @resource-id = 'id.binar.fp.secondhand:id/btn_publish']"}[39m
[35m[HTTP][39m [37m<-- POST /wd/hub/session/76780a22-ea7a-4dba-971f-10c31417b586/elements [39m[32m200[39m [90m37 ms - 139[39m
[35m[HTTP][39m [90m[39m
[35m[HTTP][39m [37m-->[39m [37mGET[39m [37m/wd/hub/session/76780a22-ea7a-4dba-971f-10c31417b586/element/00000000-0000-0013-ffff-ffff00000122/location[39m
[35m[HTTP][39m [90m{}[39m
[35m[W3C (76780a22)][39m Driver proxy active, passing request on via HTTP proxy
[35m[WD Proxy][39m Replacing sessionId e692f873-4163-456d-81cd-0c7820922136 with 76780a22-ea7a-4dba-971f-10c31417b586
[35m[HTTP][39m [37m<-- GET /wd/hub/session/76780a22-ea7a-4dba-971f-10c31417b586/element/00000000-0000-0013-ffff-ffff00000122/location [39m[32m200[39m [90m9 ms - 79[39m
[35m[HTTP][39m [90m[39m
[35m[HTTP][39m [37m-->[39m [37mGET[39m [37m/wd/hub/session/76780a22-ea7a-4dba-971f-10c31417b586/element/00000000-0000-0013-ffff-ffff00000122/size[39m
[35m[HTTP][39m [90m{}[39m
[35m[W3C (76780a22)][39m Driver proxy active, passing request on via HTTP proxy
[35m[WD Proxy][39m Replacing sessionId e692f873-4163-456d-81cd-0c7820922136 with 76780a22-ea7a-4dba-971f-10c31417b586
[35m[HTTP][39m [37m<-- GET /wd/hub/session/76780a22-ea7a-4dba-971f-10c31417b586/element/00000000-0000-0013-ffff-ffff00000122/size [39m[32m200[39m [90m8 ms - 86[39m
[35m[HTTP][39m [90m[39m
[35m[HTTP][39m [37m-->[39m [37mGET[39m [37m/wd/hub/session/76780a22-ea7a-4dba-971f-10c31417b586/source[39m
[35m[HTTP][39m [90m{}[39m
[35m[W3C (76780a22)][39m Driver proxy active, passing request on via HTTP proxy
[35m[WD Proxy][39m Replacing sessionId e692f873-4163-456d-81cd-0c7820922136 with 76780a22-ea7a-4dba-971f-10c31417b586
[35m[HTTP][39m [37m<-- GET /wd/hub/session/76780a22-ea7a-4dba-971f-10c31417b586/source [39m[32m200[39m [90m27 ms - 20085[39m
[35m[HTTP][39m [90m[39m
[35m[HTTP][39m [37m-->[39m [37mGET[39m [37m/wd/hub/session/76780a22-ea7a-4dba-971f-10c31417b586/screenshot[39m
[35m[HTTP][39m [90m{}[39m
[35m[HTTP][39m [37m<-- GET /wd/hub/session/76780a22-ea7a-4dba-971f-10c31417b586/screenshot [39m[32m200[39m [90m364 ms - 197106[39m
[35m[HTTP][39m [90m[39m
[35m[HTTP][39m [37m-->[39m [37mGET[39m [37m/wd/hub/session/76780a22-ea7a-4dba-971f-10c31417b586/source[39m
[35m[HTTP][39m [90m{}[39m
[35m[W3C (76780a22)][39m Driver proxy active, passing request on via HTTP proxy
[35m[WD Proxy][39m Replacing sessionId e692f873-4163-456d-81cd-0c7820922136 with 76780a22-ea7a-4dba-971f-10c31417b586
[35m[HTTP][39m [37m<-- GET /wd/hub/session/76780a22-ea7a-4dba-971f-10c31417b586/source [39m[32m200[39m [90m52 ms - 20085[39m
[35m[HTTP][39m [90m[39m
[35m[HTTP][39m [37m-->[39m [37mGET[39m [37m/wd/hub/session/76780a22-ea7a-4dba-971f-10c31417b586/screenshot[39m
[35m[HTTP][39m [90m{}[39m
[35m[HTTP][39m [37m<-- GET /wd/hub/session/76780a22-ea7a-4dba-971f-10c31417b586/screenshot [39m[32m200[39m [90m455 ms - 197106[39m
[35m[HTTP][39m [90m[39m
[35m[BaseDriver][39m Shutting down because we waited 1800 seconds for a command
[35m[Appium][39m Closing session, cause was 'New Command Timeout of 1800 seconds expired. Try customizing the timeout using the 'newCommandTimeout' desired capability'
[35m[Appium][39m Removing session '76780a22-ea7a-4dba-971f-10c31417b586' from our master session list
[35m[UiAutomator2][39m Did not get confirmation UiAutomator2 deleteSession worked; Error was: UnknownError: An unknown server-side error occurred while processing the command. Original error: 'DELETE /' cannot be proxied to UiAutomator2 server because the instrumentation process is not running (probably crashed). Check the server log and/or the logcat output for more details
[35m[UiAutomator2][39m Restoring hidden api policy to the device default configuration
[35m[HTTP][39m [37m-->[39m [37mDELETE[39m [37m/wd/hub/session/76780a22-ea7a-4dba-971f-10c31417b586[39m
[35m[HTTP][39m [90m{}[39m
[35m[HTTP][39m [37m<-- DELETE /wd/hub/session/76780a22-ea7a-4dba-971f-10c31417b586 [39m[33m404[39m [90m32 ms - 2380[39m
[35m[HTTP][39m [90m[39m
