[35m[Appium][39m Welcome to Appium v1.22.3
[35m[Appium][39m Non-default server args:
[35m[Appium][39m   port: 50866
[35m[Appium][39m   loglevel: info
[35m[Appium][39m   tmpDir: C:\Users\Muqi\AppData\Local\Temp\\Katalon\Appium\Temp1686122415704
[35m[Appium][39m   chromedriverPort: 50867
[35m[Appium][39m Deprecated server args:
[35m[Appium][39m   [31m--chromedriver-port[39m => --default-capabilities
[35m[Appium][39m Default capabilities, which will be added to each request unless overridden by desired capabilities:
[35m[Appium][39m   chromedriverPort: 50867
[35m[Appium][39m Appium REST http interface listener started on 0.0.0.0:50866
[35m[HTTP][39m [37m-->[39m [37mGET[39m [37m/wd/hub/status[39m
[35m[HTTP][39m [90m{}[39m
[35m[HTTP][39m [37m<-- GET /wd/hub/status [39m[32m200[39m [90m4 ms - 68[39m
[35m[HTTP][39m [90m[39m
[35m[HTTP][39m [37m-->[39m [37mPOST[39m [37m/wd/hub/session[39m
[35m[HTTP][39m [90m{"desiredCapabilities":{"app":"C:\\Users\\Muqi\\Katalon Studio\\mobile-testing\\Apk\\app-release.apk","noReset":true,"appWaitActivity":"*","deviceId":"","deviceName":"emulator-5554 (sdk_gphone_x86_64 - Android 13)","fullReset":false,"platform":"ANDROID","newCommandTimeout":1800,"appWaitforLunch":"false","platformVersion":"13","automationName":"uiautomator2","autoGrantPermissions":true,"platformName":"Android","udid":"emulator-5554","systemPort":50865},"capabilities":{"firstMatch":[{"appium:app":"C:\\Users\\Muqi\\Katalon Studio\\mobile-testing\\Apk\\app-release.apk","appium:appWaitActivity":"*","appWaitforLunch":"false","appium:autoGrantPermissions":true,"appium:automationName":"uiautomator2","deviceId":"","appium:deviceName":"emulator-5554 (sdk_gphone_x86_64 - Android 13)","appium:fullReset":false,"appium:newCommandTimeout":1800,"appium:noReset":true,"platform":"ANDROID","platformName":"android","appium:platformVersion":"13","appium:systemPort":50865,"appium:udid":"emulator-5554"}]}}[39m
[35m[BaseDriver][39m The following capabilities are not standard capabilities and should have an extension prefix:
[35m[BaseDriver][39m   appWaitforLunch
[35m[BaseDriver][39m   deviceId
[35m[BaseDriver][39m   platform
[35m[BaseDriver][39m   chromedriverPort
[35m[Appium][39m Appium v1.22.3 creating new AndroidUiautomator2Driver (v1.70.1) session
[35m[BaseDriver][39m The following capabilities were provided, but are not recognized by Appium:
[35m[BaseDriver][39m   appWaitforLunch
[35m[BaseDriver][39m   deviceId
[35m[BaseDriver][39m   platform
[35m[BaseDriver][39m Session created with session id: 95a9d3a3-de02-44f3-8c86-3374df40ea02
[35m[BaseDriver][39m Using local app 'C:\Users\Muqi\Katalon Studio\mobile-testing\Apk\app-release.apk'
[35m[ADB][39m Found 1 'build-tools' folders under 'C:\Users\Muqi\.katalon\tools\android_sdk' (newest first):
[35m[ADB][39m     C:/Users/Muqi/.katalon/tools/android_sdk/build-tools/29.0.3
[35m[ADB][39m Using 'adb.exe' from 'C:\Users\Muqi\.katalon\tools\android_sdk\platform-tools\adb.exe'
[35m[AndroidDriver][39m Retrieving device list
[35m[AndroidDriver][39m Using device: emulator-5554
[35m[ADB][39m Using 'adb.exe' from 'C:\Users\Muqi\.katalon\tools\android_sdk\platform-tools\adb.exe'
[35m[ADB][39m Getting device platform version
[35m[UiAutomator2][39m Relaxing hidden api policy
[35m[ADB][39m Package name: 'id.binar.fp.secondhand'
[35m[ADB][39m Main activity name: 'id.binar.fp.secondhand.ui.main.MainActivity'
[35m[ADB][39m Using 'apksigner.jar' from 'C:\Users\Muqi\.katalon\tools\android_sdk\build-tools\29.0.3\lib\apksigner.jar'
[35m[ADB][39m 'C:\Users\Muqi\AppData\Roaming\npm\node_modules\appium\node_modules\appium-uiautomator2-server\apks\appium-uiautomator2-server-v4.27.0.apk' is signed with the default certificate
[35m[ADB][39m 'C:\Users\Muqi\AppData\Roaming\npm\node_modules\appium\node_modules\appium-uiautomator2-server\apks\appium-uiautomator2-server-debug-androidTest.apk' is signed with the default certificate
[35m[UiAutomator2][39m Server packages are not going to be (re)installed
[35m[ADB][39m Adding packages ["io.appium.settings","io.appium.uiautomator2.server","io.appium.uiautomator2.server.test"] to Doze whitelist
[35m[ADB][39m 'C:\Users\Muqi\Katalon Studio\mobile-testing\Apk\app-release.apk' is signed with a non-default certificate
[35m[UiAutomator2][39m Starting UIAutomator2 server 4.27.0
[35m[UiAutomator2][39m Using UIAutomator2 server from 'C:\Users\Muqi\AppData\Roaming\npm\node_modules\appium\node_modules\appium-uiautomator2-server\apks\appium-uiautomator2-server-v4.27.0.apk' and test from 'C:\Users\Muqi\AppData\Roaming\npm\node_modules\appium\node_modules\appium-uiautomator2-server\apks\appium-uiautomator2-server-debug-androidTest.apk'
[35m[UiAutomator2][39m Waiting up to 30000ms for UiAutomator2 to be online...
[35m[WD Proxy][39m socket hang up
[35m[WD Proxy][39m socket hang up
[35m[WD Proxy][39m socket hang up
[35m[WD Proxy][39m Determined the downstream protocol as 'W3C'
[35m[AndroidDriver][39m Screen already unlocked, doing nothing
[35m[UiAutomator2][39m Starting 'id.binar.fp.secondhand/id.binar.fp.secondhand.ui.main.MainActivity and waiting for 'id.binar.fp.secondhand/*'
[35m[Appium][39m New AndroidUiautomator2Driver session created successfully, session 95a9d3a3-de02-44f3-8c86-3374df40ea02 added to master session list
[35m[HTTP][39m [37m<-- POST /wd/hub/session [39m[32m200[39m [90m8987 ms - 1451[39m
[35m[HTTP][39m [90m[39m
[35m[HTTP][39m [37m-->[39m [37mGET[39m [37m/wd/hub/session/95a9d3a3-de02-44f3-8c86-3374df40ea02[39m
[35m[HTTP][39m [90m{}[39m
[35m[HTTP][39m [37m<-- GET /wd/hub/session/95a9d3a3-de02-44f3-8c86-3374df40ea02 [39m[32m200[39m [90m21 ms - 1405[39m
[35m[HTTP][39m [90m[39m
[35m[HTTP][39m [37m-->[39m [37mGET[39m [37m/wd/hub/session/95a9d3a3-de02-44f3-8c86-3374df40ea02[39m
[35m[HTTP][39m [90m{}[39m
[35m[HTTP][39m [37m<-- GET /wd/hub/session/95a9d3a3-de02-44f3-8c86-3374df40ea02 [39m[32m200[39m [90m17 ms - 1405[39m
[35m[HTTP][39m [90m[39m
[35m[HTTP][39m [37m-->[39m [37mGET[39m [37m/wd/hub/status[39m
[35m[HTTP][39m [90m{}[39m
[35m[HTTP][39m [37m<-- GET /wd/hub/status [39m[32m200[39m [90m1 ms - 68[39m
[35m[HTTP][39m [90m[39m
[35m[HTTP][39m [37m-->[39m [37mPOST[39m [37m/wd/hub/session/95a9d3a3-de02-44f3-8c86-3374df40ea02/timeouts[39m
[35m[HTTP][39m [90m{"implicit":30000}[39m
[35m[HTTP][39m [37m<-- POST /wd/hub/session/95a9d3a3-de02-44f3-8c86-3374df40ea02/timeouts [39m[32m200[39m [90m3 ms - 14[39m
[35m[HTTP][39m [90m[39m
[35m[HTTP][39m [37m-->[39m [37mGET[39m [37m/wd/hub/session/95a9d3a3-de02-44f3-8c86-3374df40ea02/screenshot[39m
[35m[HTTP][39m [90m{}[39m
[35m[HTTP][39m [37m<-- GET /wd/hub/session/95a9d3a3-de02-44f3-8c86-3374df40ea02/screenshot [39m[32m200[39m [90m548 ms - 198728[39m
[35m[HTTP][39m [90m[39m
[35m[HTTP][39m [37m-->[39m [37mGET[39m [37m/wd/hub/session/95a9d3a3-de02-44f3-8c86-3374df40ea02/window/rect[39m
[35m[HTTP][39m [90m{}[39m
[35m[HTTP][39m [37m<-- GET /wd/hub/session/95a9d3a3-de02-44f3-8c86-3374df40ea02/window/rect [39m[32m200[39m [90m34 ms - 50[39m
[35m[HTTP][39m [90m[39m
[35m[HTTP][39m [37m-->[39m [37mGET[39m [37m/wd/hub/session/95a9d3a3-de02-44f3-8c86-3374df40ea02/appium/device/system_bars[39m
[35m[HTTP][39m [90m{}[39m
[35m[HTTP][39m [37m<-- GET /wd/hub/session/95a9d3a3-de02-44f3-8c86-3374df40ea02/appium/device/system_bars [39m[32m200[39m [90m92 ms - 145[39m
[35m[HTTP][39m [90m[39m
[35m[HTTP][39m [37m-->[39m [37mPOST[39m [37m/wd/hub/session/95a9d3a3-de02-44f3-8c86-3374df40ea02/timeouts[39m
[35m[HTTP][39m [90m{"implicit":50}[39m
[35m[HTTP][39m [37m<-- POST /wd/hub/session/95a9d3a3-de02-44f3-8c86-3374df40ea02/timeouts [39m[32m200[39m [90m3 ms - 14[39m
[35m[HTTP][39m [90m[39m
[35m[HTTP][39m [37m-->[39m [37mGET[39m [37m/wd/hub/session/95a9d3a3-de02-44f3-8c86-3374df40ea02/window/rect[39m
[35m[HTTP][39m [90m{}[39m
[35m[HTTP][39m [37m<-- GET /wd/hub/session/95a9d3a3-de02-44f3-8c86-3374df40ea02/window/rect [39m[32m200[39m [90m16 ms - 50[39m
[35m[HTTP][39m [90m[39m
[35m[HTTP][39m [37m-->[39m [37mPOST[39m [37m/wd/hub/session/95a9d3a3-de02-44f3-8c86-3374df40ea02/elements[39m
[35m[HTTP][39m [90m{"using":"id","value":"id.binar.fp.secondhand:id/placeholder"}[39m
[35m[HTTP][39m [37m<-- POST /wd/hub/session/95a9d3a3-de02-44f3-8c86-3374df40ea02/elements [39m[32m200[39m [90m1527 ms - 139[39m
[35m[HTTP][39m [90m[39m
[35m[HTTP][39m [37m-->[39m [37mGET[39m [37m/wd/hub/session/95a9d3a3-de02-44f3-8c86-3374df40ea02/element/00000000-0000-005c-ffff-ffff000001f8/location[39m
[35m[HTTP][39m [90m{}[39m
[35m[W3C (95a9d3a3)][39m Driver proxy active, passing request on via HTTP proxy
[35m[WD Proxy][39m Replacing sessionId da249b81-2ec6-4777-bcf7-ca7d32cbbf2c with 95a9d3a3-de02-44f3-8c86-3374df40ea02
[35m[HTTP][39m [37m<-- GET /wd/hub/session/95a9d3a3-de02-44f3-8c86-3374df40ea02/element/00000000-0000-005c-ffff-ffff000001f8/location [39m[32m200[39m [90m108 ms - 79[39m
[35m[HTTP][39m [90m[39m
[35m[HTTP][39m [37m-->[39m [37mPOST[39m [37m/wd/hub/session/95a9d3a3-de02-44f3-8c86-3374df40ea02/timeouts[39m
[35m[HTTP][39m [90m{"implicit":30000}[39m
[35m[HTTP][39m [37m<-- POST /wd/hub/session/95a9d3a3-de02-44f3-8c86-3374df40ea02/timeouts [39m[32m200[39m [90m1 ms - 14[39m
[35m[HTTP][39m [90m[39m
[35m[HTTP][39m [37m-->[39m [37mPOST[39m [37m/wd/hub/session/95a9d3a3-de02-44f3-8c86-3374df40ea02/element/00000000-0000-005c-ffff-ffff000001f8/click[39m
[35m[HTTP][39m [90m{"id":"00000000-0000-005c-ffff-ffff000001f8"}[39m
[35m[HTTP][39m [37m<-- POST /wd/hub/session/95a9d3a3-de02-44f3-8c86-3374df40ea02/element/00000000-0000-005c-ffff-ffff000001f8/click [39m[32m200[39m [90m1000 ms - 14[39m
[35m[HTTP][39m [90m[39m
[35m[HTTP][39m [37m-->[39m [37mPOST[39m [37m/wd/hub/session/95a9d3a3-de02-44f3-8c86-3374df40ea02/timeouts[39m
[35m[HTTP][39m [90m{"implicit":50}[39m
[35m[HTTP][39m [37m<-- POST /wd/hub/session/95a9d3a3-de02-44f3-8c86-3374df40ea02/timeouts [39m[32m200[39m [90m2 ms - 14[39m
[35m[HTTP][39m [90m[39m
[35m[HTTP][39m [37m-->[39m [37mGET[39m [37m/wd/hub/session/95a9d3a3-de02-44f3-8c86-3374df40ea02/window/rect[39m
[35m[HTTP][39m [90m{}[39m
[35m[HTTP][39m [37m<-- GET /wd/hub/session/95a9d3a3-de02-44f3-8c86-3374df40ea02/window/rect [39m[32m200[39m [90m11 ms - 50[39m
[35m[HTTP][39m [90m[39m
[35m[HTTP][39m [37m-->[39m [37mPOST[39m [37m/wd/hub/session/95a9d3a3-de02-44f3-8c86-3374df40ea02/elements[39m
[35m[HTTP][39m [90m{"using":"id","value":"id.binar.fp.secondhand:id/et_product_name"}[39m
[35m[HTTP][39m [37m<-- POST /wd/hub/session/95a9d3a3-de02-44f3-8c86-3374df40ea02/elements [39m[32m200[39m [90m979 ms - 12[39m
[35m[HTTP][39m [90m[39m
[35m[HTTP][39m [37m-->[39m [37mPOST[39m [37m/wd/hub/session/95a9d3a3-de02-44f3-8c86-3374df40ea02/elements[39m
[35m[HTTP][39m [90m{"using":"id","value":"id.binar.fp.secondhand:id/et_product_name"}[39m
[35m[HTTP][39m [37m<-- POST /wd/hub/session/95a9d3a3-de02-44f3-8c86-3374df40ea02/elements [39m[32m200[39m [90m1025 ms - 139[39m
[35m[HTTP][39m [90m[39m
[35m[HTTP][39m [37m-->[39m [37mGET[39m [37m/wd/hub/session/95a9d3a3-de02-44f3-8c86-3374df40ea02/element/00000000-0000-005c-ffff-ffff000000de/location[39m
[35m[HTTP][39m [90m{}[39m
[35m[W3C (95a9d3a3)][39m Driver proxy active, passing request on via HTTP proxy
[35m[WD Proxy][39m Replacing sessionId da249b81-2ec6-4777-bcf7-ca7d32cbbf2c with 95a9d3a3-de02-44f3-8c86-3374df40ea02
[35m[HTTP][39m [37m<-- GET /wd/hub/session/95a9d3a3-de02-44f3-8c86-3374df40ea02/element/00000000-0000-005c-ffff-ffff000000de/location [39m[32m200[39m [90m427 ms - 77[39m
[35m[HTTP][39m [90m[39m
[35m[HTTP][39m [37m-->[39m [37mPOST[39m [37m/wd/hub/session/95a9d3a3-de02-44f3-8c86-3374df40ea02/timeouts[39m
[35m[HTTP][39m [90m{"implicit":30000}[39m
[35m[HTTP][39m [37m<-- POST /wd/hub/session/95a9d3a3-de02-44f3-8c86-3374df40ea02/timeouts [39m[32m200[39m [90m2 ms - 14[39m
[35m[HTTP][39m [90m[39m
[35m[HTTP][39m [37m-->[39m [37mPOST[39m [37m/wd/hub/session/95a9d3a3-de02-44f3-8c86-3374df40ea02/element/00000000-0000-005c-ffff-ffff000000de/clear[39m
[35m[HTTP][39m [90m{"id":"00000000-0000-005c-ffff-ffff000000de"}[39m
[35m[HTTP][39m [37m<-- POST /wd/hub/session/95a9d3a3-de02-44f3-8c86-3374df40ea02/element/00000000-0000-005c-ffff-ffff000000de/clear [39m[32m200[39m [90m32 ms - 14[39m
[35m[HTTP][39m [90m[39m
[35m[HTTP][39m [37m-->[39m [37mPOST[39m [37m/wd/hub/session/95a9d3a3-de02-44f3-8c86-3374df40ea02/timeouts[39m
[35m[HTTP][39m [90m{"implicit":50}[39m
[35m[HTTP][39m [37m<-- POST /wd/hub/session/95a9d3a3-de02-44f3-8c86-3374df40ea02/timeouts [39m[32m200[39m [90m1 ms - 14[39m
[35m[HTTP][39m [90m[39m
[35m[HTTP][39m [37m-->[39m [37mGET[39m [37m/wd/hub/session/95a9d3a3-de02-44f3-8c86-3374df40ea02/window/rect[39m
[35m[HTTP][39m [90m{}[39m
[35m[HTTP][39m [37m<-- GET /wd/hub/session/95a9d3a3-de02-44f3-8c86-3374df40ea02/window/rect [39m[32m200[39m [90m16 ms - 50[39m
[35m[HTTP][39m [90m[39m
[35m[HTTP][39m [37m-->[39m [37mPOST[39m [37m/wd/hub/session/95a9d3a3-de02-44f3-8c86-3374df40ea02/elements[39m
[35m[HTTP][39m [90m{"using":"id","value":"id.binar.fp.secondhand:id/et_product_name"}[39m
[35m[HTTP][39m [37m<-- POST /wd/hub/session/95a9d3a3-de02-44f3-8c86-3374df40ea02/elements [39m[32m200[39m [90m393 ms - 139[39m
[35m[HTTP][39m [90m[39m
[35m[HTTP][39m [37m-->[39m [37mGET[39m [37m/wd/hub/session/95a9d3a3-de02-44f3-8c86-3374df40ea02/element/00000000-0000-005c-ffff-ffff000000de/location[39m
[35m[HTTP][39m [90m{}[39m
[35m[W3C (95a9d3a3)][39m Driver proxy active, passing request on via HTTP proxy
[35m[WD Proxy][39m Replacing sessionId da249b81-2ec6-4777-bcf7-ca7d32cbbf2c with 95a9d3a3-de02-44f3-8c86-3374df40ea02
[35m[HTTP][39m [37m<-- GET /wd/hub/session/95a9d3a3-de02-44f3-8c86-3374df40ea02/element/00000000-0000-005c-ffff-ffff000000de/location [39m[32m200[39m [90m33 ms - 77[39m
[35m[HTTP][39m [90m[39m
[35m[HTTP][39m [37m-->[39m [37mPOST[39m [37m/wd/hub/session/95a9d3a3-de02-44f3-8c86-3374df40ea02/timeouts[39m
[35m[HTTP][39m [90m{"implicit":30000}[39m
[35m[HTTP][39m [37m<-- POST /wd/hub/session/95a9d3a3-de02-44f3-8c86-3374df40ea02/timeouts [39m[32m200[39m [90m1 ms - 14[39m
[35m[HTTP][39m [90m[39m
[35m[HTTP][39m [37m-->[39m [37mPOST[39m [37m/wd/hub/session/95a9d3a3-de02-44f3-8c86-3374df40ea02/element/00000000-0000-005c-ffff-ffff000000de/clear[39m
[35m[HTTP][39m [90m{"id":"00000000-0000-005c-ffff-ffff000000de"}[39m
[35m[HTTP][39m [37m<-- POST /wd/hub/session/95a9d3a3-de02-44f3-8c86-3374df40ea02/element/00000000-0000-005c-ffff-ffff000000de/clear [39m[32m200[39m [90m31 ms - 14[39m
[35m[HTTP][39m [90m[39m
[35m[HTTP][39m [37m-->[39m [37mPOST[39m [37m/wd/hub/session/95a9d3a3-de02-44f3-8c86-3374df40ea02/element/00000000-0000-005c-ffff-ffff000000de/value[39m
[35m[HTTP][39m [90m{"id":"00000000-0000-005c-ffff-ffff000000de","text":"baju otomasi","value":["b","a","j","u"," ","o","t","o","m","a","s","i"]}[39m
[35m[HTTP][39m [37m<-- POST /wd/hub/session/95a9d3a3-de02-44f3-8c86-3374df40ea02/element/00000000-0000-005c-ffff-ffff000000de/value [39m[32m200[39m [90m647 ms - 14[39m
[35m[HTTP][39m [90m[39m
[35m[HTTP][39m [37m-->[39m [37mPOST[39m [37m/wd/hub/session/95a9d3a3-de02-44f3-8c86-3374df40ea02/timeouts[39m
[35m[HTTP][39m [90m{"implicit":50}[39m
[35m[HTTP][39m [37m<-- POST /wd/hub/session/95a9d3a3-de02-44f3-8c86-3374df40ea02/timeouts [39m[32m200[39m [90m1 ms - 14[39m
[35m[HTTP][39m [90m[39m
[35m[HTTP][39m [37m-->[39m [37mGET[39m [37m/wd/hub/session/95a9d3a3-de02-44f3-8c86-3374df40ea02/window/rect[39m
[35m[HTTP][39m [90m{}[39m
[35m[HTTP][39m [37m<-- GET /wd/hub/session/95a9d3a3-de02-44f3-8c86-3374df40ea02/window/rect [39m[32m200[39m [90m13 ms - 50[39m
[35m[HTTP][39m [90m[39m
[35m[HTTP][39m [37m-->[39m [37mPOST[39m [37m/wd/hub/session/95a9d3a3-de02-44f3-8c86-3374df40ea02/elements[39m
[35m[HTTP][39m [90m{"using":"id","value":"id.binar.fp.secondhand:id/et_product_price"}[39m
[35m[HTTP][39m [37m<-- POST /wd/hub/session/95a9d3a3-de02-44f3-8c86-3374df40ea02/elements [39m[32m200[39m [90m22 ms - 139[39m
[35m[HTTP][39m [90m[39m
[35m[HTTP][39m [37m-->[39m [37mGET[39m [37m/wd/hub/session/95a9d3a3-de02-44f3-8c86-3374df40ea02/element/00000000-0000-005c-ffff-ffff000000ea/location[39m
[35m[HTTP][39m [90m{}[39m
[35m[W3C (95a9d3a3)][39m Driver proxy active, passing request on via HTTP proxy
[35m[WD Proxy][39m Replacing sessionId da249b81-2ec6-4777-bcf7-ca7d32cbbf2c with 95a9d3a3-de02-44f3-8c86-3374df40ea02
[35m[HTTP][39m [37m<-- GET /wd/hub/session/95a9d3a3-de02-44f3-8c86-3374df40ea02/element/00000000-0000-005c-ffff-ffff000000ea/location [39m[32m200[39m [90m20 ms - 77[39m
[35m[HTTP][39m [90m[39m
[35m[HTTP][39m [37m-->[39m [37mPOST[39m [37m/wd/hub/session/95a9d3a3-de02-44f3-8c86-3374df40ea02/timeouts[39m
[35m[HTTP][39m [90m{"implicit":30000}[39m
[35m[HTTP][39m [37m<-- POST /wd/hub/session/95a9d3a3-de02-44f3-8c86-3374df40ea02/timeouts [39m[32m200[39m [90m4 ms - 14[39m
[35m[HTTP][39m [90m[39m
[35m[HTTP][39m [37m-->[39m [37mPOST[39m [37m/wd/hub/session/95a9d3a3-de02-44f3-8c86-3374df40ea02/element/00000000-0000-005c-ffff-ffff000000ea/clear[39m
[35m[HTTP][39m [90m{"id":"00000000-0000-005c-ffff-ffff000000ea"}[39m
[35m[HTTP][39m [37m<-- POST /wd/hub/session/95a9d3a3-de02-44f3-8c86-3374df40ea02/element/00000000-0000-005c-ffff-ffff000000ea/clear [39m[32m200[39m [90m18 ms - 14[39m
[35m[HTTP][39m [90m[39m
[35m[HTTP][39m [37m-->[39m [37mPOST[39m [37m/wd/hub/session/95a9d3a3-de02-44f3-8c86-3374df40ea02/timeouts[39m
[35m[HTTP][39m [90m{"implicit":50}[39m
[35m[HTTP][39m [37m<-- POST /wd/hub/session/95a9d3a3-de02-44f3-8c86-3374df40ea02/timeouts [39m[32m200[39m [90m1 ms - 14[39m
[35m[HTTP][39m [90m[39m
[35m[HTTP][39m [37m-->[39m [37mGET[39m [37m/wd/hub/session/95a9d3a3-de02-44f3-8c86-3374df40ea02/window/rect[39m
[35m[HTTP][39m [90m{}[39m
[35m[HTTP][39m [37m<-- GET /wd/hub/session/95a9d3a3-de02-44f3-8c86-3374df40ea02/window/rect [39m[32m200[39m [90m20 ms - 50[39m
[35m[HTTP][39m [90m[39m
[35m[HTTP][39m [37m-->[39m [37mPOST[39m [37m/wd/hub/session/95a9d3a3-de02-44f3-8c86-3374df40ea02/elements[39m
[35m[HTTP][39m [90m{"using":"id","value":"id.binar.fp.secondhand:id/et_product_price"}[39m
[35m[HTTP][39m [37m<-- POST /wd/hub/session/95a9d3a3-de02-44f3-8c86-3374df40ea02/elements [39m[32m200[39m [90m509 ms - 139[39m
[35m[HTTP][39m [90m[39m
[35m[HTTP][39m [37m-->[39m [37mGET[39m [37m/wd/hub/session/95a9d3a3-de02-44f3-8c86-3374df40ea02/element/00000000-0000-005c-ffff-ffff000000ea/location[39m
[35m[HTTP][39m [90m{}[39m
[35m[W3C (95a9d3a3)][39m Driver proxy active, passing request on via HTTP proxy
[35m[WD Proxy][39m Replacing sessionId da249b81-2ec6-4777-bcf7-ca7d32cbbf2c with 95a9d3a3-de02-44f3-8c86-3374df40ea02
[35m[HTTP][39m [37m<-- GET /wd/hub/session/95a9d3a3-de02-44f3-8c86-3374df40ea02/element/00000000-0000-005c-ffff-ffff000000ea/location [39m[32m200[39m [90m20 ms - 77[39m
[35m[HTTP][39m [90m[39m
[35m[HTTP][39m [37m-->[39m [37mPOST[39m [37m/wd/hub/session/95a9d3a3-de02-44f3-8c86-3374df40ea02/timeouts[39m
[35m[HTTP][39m [90m{"implicit":30000}[39m
[35m[HTTP][39m [37m<-- POST /wd/hub/session/95a9d3a3-de02-44f3-8c86-3374df40ea02/timeouts [39m[32m200[39m [90m1 ms - 14[39m
[35m[HTTP][39m [90m[39m
[35m[HTTP][39m [37m-->[39m [37mPOST[39m [37m/wd/hub/session/95a9d3a3-de02-44f3-8c86-3374df40ea02/element/00000000-0000-005c-ffff-ffff000000ea/clear[39m
[35m[HTTP][39m [90m{"id":"00000000-0000-005c-ffff-ffff000000ea"}[39m
[35m[HTTP][39m [37m<-- POST /wd/hub/session/95a9d3a3-de02-44f3-8c86-3374df40ea02/element/00000000-0000-005c-ffff-ffff000000ea/clear [39m[32m200[39m [90m21 ms - 14[39m
[35m[HTTP][39m [90m[39m
[35m[HTTP][39m [37m-->[39m [37mPOST[39m [37m/wd/hub/session/95a9d3a3-de02-44f3-8c86-3374df40ea02/element/00000000-0000-005c-ffff-ffff000000ea/value[39m
[35m[HTTP][39m [90m{"id":"00000000-0000-005c-ffff-ffff000000ea","text":"111111","value":["1","1","1","1","1","1"]}[39m
[35m[HTTP][39m [37m<-- POST /wd/hub/session/95a9d3a3-de02-44f3-8c86-3374df40ea02/element/00000000-0000-005c-ffff-ffff000000ea/value [39m[32m200[39m [90m535 ms - 14[39m
[35m[HTTP][39m [90m[39m
[35m[HTTP][39m [37m-->[39m [37mPOST[39m [37m/wd/hub/session/95a9d3a3-de02-44f3-8c86-3374df40ea02/timeouts[39m
[35m[HTTP][39m [90m{"implicit":50}[39m
[35m[HTTP][39m [37m<-- POST /wd/hub/session/95a9d3a3-de02-44f3-8c86-3374df40ea02/timeouts [39m[32m200[39m [90m1 ms - 14[39m
[35m[HTTP][39m [90m[39m
[35m[HTTP][39m [37m-->[39m [37mGET[39m [37m/wd/hub/session/95a9d3a3-de02-44f3-8c86-3374df40ea02/window/rect[39m
[35m[HTTP][39m [90m{}[39m
[35m[HTTP][39m [37m<-- GET /wd/hub/session/95a9d3a3-de02-44f3-8c86-3374df40ea02/window/rect [39m[32m200[39m [90m10 ms - 50[39m
[35m[HTTP][39m [90m[39m
[35m[HTTP][39m [37m-->[39m [37mPOST[39m [37m/wd/hub/session/95a9d3a3-de02-44f3-8c86-3374df40ea02/elements[39m
[35m[HTTP][39m [90m{"using":"xpath","value":"//android.widget.Spinner[@resource-id='id.binar.fp.secondhand:id/et_product_category']"}[39m
[35m[HTTP][39m [37m<-- POST /wd/hub/session/95a9d3a3-de02-44f3-8c86-3374df40ea02/elements [39m[32m200[39m [90m663 ms - 139[39m
[35m[HTTP][39m [90m[39m
[35m[HTTP][39m [37m-->[39m [37mGET[39m [37m/wd/hub/session/95a9d3a3-de02-44f3-8c86-3374df40ea02/element/00000000-0000-005c-ffff-ffff000000f6/location[39m
[35m[HTTP][39m [90m{}[39m
[35m[W3C (95a9d3a3)][39m Driver proxy active, passing request on via HTTP proxy
[35m[WD Proxy][39m Replacing sessionId da249b81-2ec6-4777-bcf7-ca7d32cbbf2c with 95a9d3a3-de02-44f3-8c86-3374df40ea02
[35m[HTTP][39m [37m<-- GET /wd/hub/session/95a9d3a3-de02-44f3-8c86-3374df40ea02/element/00000000-0000-005c-ffff-ffff000000f6/location [39m[32m200[39m [90m18 ms - 78[39m
[35m[HTTP][39m [90m[39m
[35m[HTTP][39m [37m-->[39m [37mPOST[39m [37m/wd/hub/session/95a9d3a3-de02-44f3-8c86-3374df40ea02/timeouts[39m
[35m[HTTP][39m [90m{"implicit":30000}[39m
[35m[HTTP][39m [37m<-- POST /wd/hub/session/95a9d3a3-de02-44f3-8c86-3374df40ea02/timeouts [39m[32m200[39m [90m1 ms - 14[39m
[35m[HTTP][39m [90m[39m
[35m[HTTP][39m [37m-->[39m [37mPOST[39m [37m/wd/hub/session/95a9d3a3-de02-44f3-8c86-3374df40ea02/element/00000000-0000-005c-ffff-ffff000000f6/click[39m
[35m[HTTP][39m [90m{"id":"00000000-0000-005c-ffff-ffff000000f6"}[39m
[35m[HTTP][39m [37m<-- POST /wd/hub/session/95a9d3a3-de02-44f3-8c86-3374df40ea02/element/00000000-0000-005c-ffff-ffff000000f6/click [39m[32m200[39m [90m153 ms - 14[39m
[35m[HTTP][39m [90m[39m
[35m[HTTP][39m [37m-->[39m [37mPOST[39m [37m/wd/hub/session/95a9d3a3-de02-44f3-8c86-3374df40ea02/timeouts[39m
[35m[HTTP][39m [90m{"implicit":50}[39m
[35m[HTTP][39m [37m<-- POST /wd/hub/session/95a9d3a3-de02-44f3-8c86-3374df40ea02/timeouts [39m[32m200[39m [90m1 ms - 14[39m
[35m[HTTP][39m [90m[39m
[35m[HTTP][39m [37m-->[39m [37mGET[39m [37m/wd/hub/session/95a9d3a3-de02-44f3-8c86-3374df40ea02/window/rect[39m
[35m[HTTP][39m [90m{}[39m
[35m[HTTP][39m [37m<-- GET /wd/hub/session/95a9d3a3-de02-44f3-8c86-3374df40ea02/window/rect [39m[32m200[39m [90m12 ms - 50[39m
[35m[HTTP][39m [90m[39m
[35m[HTTP][39m [37m-->[39m [37mPOST[39m [37m/wd/hub/session/95a9d3a3-de02-44f3-8c86-3374df40ea02/elements[39m
[35m[HTTP][39m [90m{"using":"-android uiautomator","value":"new UiSelector()"}[39m
[35m[HTTP][39m [37m<-- POST /wd/hub/session/95a9d3a3-de02-44f3-8c86-3374df40ea02/elements [39m[32m200[39m [90m249 ms - 5515[39m
[35m[HTTP][39m [90m[39m
[35m[HTTP][39m [37m-->[39m [37mGET[39m [37m/wd/hub/session/95a9d3a3-de02-44f3-8c86-3374df40ea02/element/00000000-0000-005c-ffff-ffff7ffffffe/location[39m
[35m[HTTP][39m [90m{}[39m
[35m[W3C (95a9d3a3)][39m Driver proxy active, passing request on via HTTP proxy
[35m[WD Proxy][39m Replacing sessionId da249b81-2ec6-4777-bcf7-ca7d32cbbf2c with 95a9d3a3-de02-44f3-8c86-3374df40ea02
[35m[HTTP][39m [37m<-- GET /wd/hub/session/95a9d3a3-de02-44f3-8c86-3374df40ea02/element/00000000-0000-005c-ffff-ffff7ffffffe/location [39m[32m200[39m [90m27 ms - 74[39m
[35m[HTTP][39m [90m[39m
[35m[HTTP][39m [37m-->[39m [37mPOST[39m [37m/wd/hub/session/95a9d3a3-de02-44f3-8c86-3374df40ea02/timeouts[39m
[35m[HTTP][39m [90m{"implicit":30000}[39m
[35m[HTTP][39m [37m<-- POST /wd/hub/session/95a9d3a3-de02-44f3-8c86-3374df40ea02/timeouts [39m[32m200[39m [90m1 ms - 14[39m
[35m[HTTP][39m [90m[39m
[35m[HTTP][39m [37m-->[39m [37mPOST[39m [37m/wd/hub/session/95a9d3a3-de02-44f3-8c86-3374df40ea02/element/00000000-0000-005c-ffff-ffff7ffffffe/click[39m
[35m[HTTP][39m [90m{"id":"00000000-0000-005c-ffff-ffff7ffffffe"}[39m
[35m[HTTP][39m [37m<-- POST /wd/hub/session/95a9d3a3-de02-44f3-8c86-3374df40ea02/element/00000000-0000-005c-ffff-ffff7ffffffe/click [39m[32m200[39m [90m67 ms - 14[39m
[35m[HTTP][39m [90m[39m
[35m[HTTP][39m [37m-->[39m [37mPOST[39m [37m/wd/hub/session/95a9d3a3-de02-44f3-8c86-3374df40ea02/timeouts[39m
[35m[HTTP][39m [90m{"implicit":50}[39m
[35m[HTTP][39m [37m<-- POST /wd/hub/session/95a9d3a3-de02-44f3-8c86-3374df40ea02/timeouts [39m[32m200[39m [90m1 ms - 14[39m
[35m[HTTP][39m [90m[39m
[35m[HTTP][39m [37m-->[39m [37mGET[39m [37m/wd/hub/session/95a9d3a3-de02-44f3-8c86-3374df40ea02/window/rect[39m
[35m[HTTP][39m [90m{}[39m
[35m[HTTP][39m [37m<-- GET /wd/hub/session/95a9d3a3-de02-44f3-8c86-3374df40ea02/window/rect [39m[32m200[39m [90m9 ms - 50[39m
[35m[HTTP][39m [90m[39m
[35m[HTTP][39m [37m-->[39m [37mPOST[39m [37m/wd/hub/session/95a9d3a3-de02-44f3-8c86-3374df40ea02/elements[39m
[35m[HTTP][39m [90m{"using":"id","value":"id.binar.fp.secondhand:id/et_product_location"}[39m
[35m[HTTP][39m [37m<-- POST /wd/hub/session/95a9d3a3-de02-44f3-8c86-3374df40ea02/elements [39m[32m200[39m [90m38 ms - 139[39m
[35m[HTTP][39m [90m[39m
[35m[HTTP][39m [37m-->[39m [37mGET[39m [37m/wd/hub/session/95a9d3a3-de02-44f3-8c86-3374df40ea02/element/00000000-0000-005c-ffff-ffff00000103/location[39m
[35m[HTTP][39m [90m{}[39m
[35m[W3C (95a9d3a3)][39m Driver proxy active, passing request on via HTTP proxy
[35m[WD Proxy][39m Replacing sessionId da249b81-2ec6-4777-bcf7-ca7d32cbbf2c with 95a9d3a3-de02-44f3-8c86-3374df40ea02
[35m[HTTP][39m [37m<-- GET /wd/hub/session/95a9d3a3-de02-44f3-8c86-3374df40ea02/element/00000000-0000-005c-ffff-ffff00000103/location [39m[32m200[39m [90m24 ms - 78[39m
[35m[HTTP][39m [90m[39m
[35m[HTTP][39m [37m-->[39m [37mPOST[39m [37m/wd/hub/session/95a9d3a3-de02-44f3-8c86-3374df40ea02/timeouts[39m
[35m[HTTP][39m [90m{"implicit":30000}[39m
[35m[HTTP][39m [37m<-- POST /wd/hub/session/95a9d3a3-de02-44f3-8c86-3374df40ea02/timeouts [39m[32m200[39m [90m1 ms - 14[39m
[35m[HTTP][39m [90m[39m
[35m[HTTP][39m [37m-->[39m [37mPOST[39m [37m/wd/hub/session/95a9d3a3-de02-44f3-8c86-3374df40ea02/element/00000000-0000-005c-ffff-ffff00000103/clear[39m
[35m[HTTP][39m [90m{"id":"00000000-0000-005c-ffff-ffff00000103"}[39m
[35m[HTTP][39m [37m<-- POST /wd/hub/session/95a9d3a3-de02-44f3-8c86-3374df40ea02/element/00000000-0000-005c-ffff-ffff00000103/clear [39m[32m200[39m [90m20 ms - 14[39m
[35m[HTTP][39m [90m[39m
[35m[HTTP][39m [37m-->[39m [37mPOST[39m [37m/wd/hub/session/95a9d3a3-de02-44f3-8c86-3374df40ea02/timeouts[39m
[35m[HTTP][39m [90m{"implicit":50}[39m
[35m[HTTP][39m [37m<-- POST /wd/hub/session/95a9d3a3-de02-44f3-8c86-3374df40ea02/timeouts [39m[32m200[39m [90m1 ms - 14[39m
[35m[HTTP][39m [90m[39m
[35m[HTTP][39m [37m-->[39m [37mGET[39m [37m/wd/hub/session/95a9d3a3-de02-44f3-8c86-3374df40ea02/window/rect[39m
[35m[HTTP][39m [90m{}[39m
[35m[HTTP][39m [37m<-- GET /wd/hub/session/95a9d3a3-de02-44f3-8c86-3374df40ea02/window/rect [39m[32m200[39m [90m9 ms - 50[39m
[35m[HTTP][39m [90m[39m
[35m[HTTP][39m [37m-->[39m [37mPOST[39m [37m/wd/hub/session/95a9d3a3-de02-44f3-8c86-3374df40ea02/elements[39m
[35m[HTTP][39m [90m{"using":"id","value":"id.binar.fp.secondhand:id/et_product_location"}[39m
[35m[HTTP][39m [37m<-- POST /wd/hub/session/95a9d3a3-de02-44f3-8c86-3374df40ea02/elements [39m[32m200[39m [90m434 ms - 139[39m
[35m[HTTP][39m [90m[39m
[35m[HTTP][39m [37m-->[39m [37mGET[39m [37m/wd/hub/session/95a9d3a3-de02-44f3-8c86-3374df40ea02/element/00000000-0000-005c-ffff-ffff00000103/location[39m
[35m[HTTP][39m [90m{}[39m
[35m[W3C (95a9d3a3)][39m Driver proxy active, passing request on via HTTP proxy
[35m[WD Proxy][39m Replacing sessionId da249b81-2ec6-4777-bcf7-ca7d32cbbf2c with 95a9d3a3-de02-44f3-8c86-3374df40ea02
[35m[HTTP][39m [37m<-- GET /wd/hub/session/95a9d3a3-de02-44f3-8c86-3374df40ea02/element/00000000-0000-005c-ffff-ffff00000103/location [39m[32m200[39m [90m20 ms - 78[39m
[35m[HTTP][39m [90m[39m
[35m[HTTP][39m [37m-->[39m [37mPOST[39m [37m/wd/hub/session/95a9d3a3-de02-44f3-8c86-3374df40ea02/timeouts[39m
[35m[HTTP][39m [90m{"implicit":30000}[39m
[35m[HTTP][39m [37m<-- POST /wd/hub/session/95a9d3a3-de02-44f3-8c86-3374df40ea02/timeouts [39m[32m200[39m [90m1 ms - 14[39m
[35m[HTTP][39m [90m[39m
[35m[HTTP][39m [37m-->[39m [37mPOST[39m [37m/wd/hub/session/95a9d3a3-de02-44f3-8c86-3374df40ea02/element/00000000-0000-005c-ffff-ffff00000103/clear[39m
[35m[HTTP][39m [90m{"id":"00000000-0000-005c-ffff-ffff00000103"}[39m
[35m[HTTP][39m [37m<-- POST /wd/hub/session/95a9d3a3-de02-44f3-8c86-3374df40ea02/element/00000000-0000-005c-ffff-ffff00000103/clear [39m[32m200[39m [90m22 ms - 14[39m
[35m[HTTP][39m [90m[39m
[35m[HTTP][39m [37m-->[39m [37mPOST[39m [37m/wd/hub/session/95a9d3a3-de02-44f3-8c86-3374df40ea02/element/00000000-0000-005c-ffff-ffff00000103/value[39m
[35m[HTTP][39m [90m{"id":"00000000-0000-005c-ffff-ffff00000103","text":"lokasi otomasi","value":["l","o","k","a","s","i"," ","o","t","o","m","a","s","i"]}[39m
[35m[HTTP][39m [37m<-- POST /wd/hub/session/95a9d3a3-de02-44f3-8c86-3374df40ea02/element/00000000-0000-005c-ffff-ffff00000103/value [39m[32m200[39m [90m1019 ms - 14[39m
[35m[HTTP][39m [90m[39m
[35m[HTTP][39m [37m-->[39m [37mPOST[39m [37m/wd/hub/session/95a9d3a3-de02-44f3-8c86-3374df40ea02/timeouts[39m
[35m[HTTP][39m [90m{"implicit":50}[39m
[35m[HTTP][39m [37m<-- POST /wd/hub/session/95a9d3a3-de02-44f3-8c86-3374df40ea02/timeouts [39m[32m200[39m [90m1 ms - 14[39m
[35m[HTTP][39m [90m[39m
[35m[HTTP][39m [37m-->[39m [37mGET[39m [37m/wd/hub/session/95a9d3a3-de02-44f3-8c86-3374df40ea02/window/rect[39m
[35m[HTTP][39m [90m{}[39m
[35m[HTTP][39m [37m<-- GET /wd/hub/session/95a9d3a3-de02-44f3-8c86-3374df40ea02/window/rect [39m[32m200[39m [90m12 ms - 50[39m
[35m[HTTP][39m [90m[39m
[35m[HTTP][39m [37m-->[39m [37mPOST[39m [37m/wd/hub/session/95a9d3a3-de02-44f3-8c86-3374df40ea02/elements[39m
[35m[HTTP][39m [90m{"using":"id","value":"id.binar.fp.secondhand:id/et_product_description"}[39m
[35m[HTTP][39m [37m<-- POST /wd/hub/session/95a9d3a3-de02-44f3-8c86-3374df40ea02/elements [39m[32m200[39m [90m65 ms - 139[39m
[35m[HTTP][39m [90m[39m
[35m[HTTP][39m [37m-->[39m [37mGET[39m [37m/wd/hub/session/95a9d3a3-de02-44f3-8c86-3374df40ea02/element/00000000-0000-005c-ffff-ffff0000010f/location[39m
[35m[HTTP][39m [90m{}[39m
[35m[W3C (95a9d3a3)][39m Driver proxy active, passing request on via HTTP proxy
[35m[WD Proxy][39m Replacing sessionId da249b81-2ec6-4777-bcf7-ca7d32cbbf2c with 95a9d3a3-de02-44f3-8c86-3374df40ea02
[35m[HTTP][39m [37m<-- GET /wd/hub/session/95a9d3a3-de02-44f3-8c86-3374df40ea02/element/00000000-0000-005c-ffff-ffff0000010f/location [39m[32m200[39m [90m18 ms - 78[39m
[35m[HTTP][39m [90m[39m
[35m[HTTP][39m [37m-->[39m [37mPOST[39m [37m/wd/hub/session/95a9d3a3-de02-44f3-8c86-3374df40ea02/timeouts[39m
[35m[HTTP][39m [90m{"implicit":30000}[39m
[35m[HTTP][39m [37m<-- POST /wd/hub/session/95a9d3a3-de02-44f3-8c86-3374df40ea02/timeouts [39m[32m200[39m [90m1 ms - 14[39m
[35m[HTTP][39m [90m[39m
[35m[HTTP][39m [37m-->[39m [37mPOST[39m [37m/wd/hub/session/95a9d3a3-de02-44f3-8c86-3374df40ea02/element/00000000-0000-005c-ffff-ffff0000010f/clear[39m
[35m[HTTP][39m [90m{"id":"00000000-0000-005c-ffff-ffff0000010f"}[39m
[35m[HTTP][39m [37m<-- POST /wd/hub/session/95a9d3a3-de02-44f3-8c86-3374df40ea02/element/00000000-0000-005c-ffff-ffff0000010f/clear [39m[32m200[39m [90m24 ms - 14[39m
[35m[HTTP][39m [90m[39m
[35m[HTTP][39m [37m-->[39m [37mPOST[39m [37m/wd/hub/session/95a9d3a3-de02-44f3-8c86-3374df40ea02/timeouts[39m
[35m[HTTP][39m [90m{"implicit":50}[39m
[35m[HTTP][39m [37m<-- POST /wd/hub/session/95a9d3a3-de02-44f3-8c86-3374df40ea02/timeouts [39m[32m200[39m [90m1 ms - 14[39m
[35m[HTTP][39m [90m[39m
[35m[HTTP][39m [37m-->[39m [37mGET[39m [37m/wd/hub/session/95a9d3a3-de02-44f3-8c86-3374df40ea02/window/rect[39m
[35m[HTTP][39m [90m{}[39m
[35m[HTTP][39m [37m<-- GET /wd/hub/session/95a9d3a3-de02-44f3-8c86-3374df40ea02/window/rect [39m[32m200[39m [90m11 ms - 50[39m
[35m[HTTP][39m [90m[39m
[35m[HTTP][39m [37m-->[39m [37mPOST[39m [37m/wd/hub/session/95a9d3a3-de02-44f3-8c86-3374df40ea02/elements[39m
[35m[HTTP][39m [90m{"using":"id","value":"id.binar.fp.secondhand:id/et_product_description"}[39m
[35m[HTTP][39m [37m<-- POST /wd/hub/session/95a9d3a3-de02-44f3-8c86-3374df40ea02/elements [39m[32m200[39m [90m401 ms - 139[39m
[35m[HTTP][39m [90m[39m
[35m[HTTP][39m [37m-->[39m [37mGET[39m [37m/wd/hub/session/95a9d3a3-de02-44f3-8c86-3374df40ea02/element/00000000-0000-005c-ffff-ffff0000010f/location[39m
[35m[HTTP][39m [90m{}[39m
[35m[W3C (95a9d3a3)][39m Driver proxy active, passing request on via HTTP proxy
[35m[WD Proxy][39m Replacing sessionId da249b81-2ec6-4777-bcf7-ca7d32cbbf2c with 95a9d3a3-de02-44f3-8c86-3374df40ea02
[35m[HTTP][39m [37m<-- GET /wd/hub/session/95a9d3a3-de02-44f3-8c86-3374df40ea02/element/00000000-0000-005c-ffff-ffff0000010f/location [39m[32m200[39m [90m18 ms - 78[39m
[35m[HTTP][39m [90m[39m
[35m[HTTP][39m [37m-->[39m [37mPOST[39m [37m/wd/hub/session/95a9d3a3-de02-44f3-8c86-3374df40ea02/timeouts[39m
[35m[HTTP][39m [90m{"implicit":30000}[39m
[35m[HTTP][39m [37m<-- POST /wd/hub/session/95a9d3a3-de02-44f3-8c86-3374df40ea02/timeouts [39m[32m200[39m [90m1 ms - 14[39m
[35m[HTTP][39m [90m[39m
[35m[HTTP][39m [37m-->[39m [37mPOST[39m [37m/wd/hub/session/95a9d3a3-de02-44f3-8c86-3374df40ea02/element/00000000-0000-005c-ffff-ffff0000010f/clear[39m
[35m[HTTP][39m [90m{"id":"00000000-0000-005c-ffff-ffff0000010f"}[39m
[35m[HTTP][39m [37m<-- POST /wd/hub/session/95a9d3a3-de02-44f3-8c86-3374df40ea02/element/00000000-0000-005c-ffff-ffff0000010f/clear [39m[32m200[39m [90m35 ms - 14[39m
[35m[HTTP][39m [90m[39m
[35m[HTTP][39m [37m-->[39m [37mPOST[39m [37m/wd/hub/session/95a9d3a3-de02-44f3-8c86-3374df40ea02/element/00000000-0000-005c-ffff-ffff0000010f/value[39m
[35m[HTTP][39m [90m{"id":"00000000-0000-005c-ffff-ffff0000010f","text":"deskripsi otomasi","value":["d","e","s","k","r","i","p","s","i"," ","o","t","o","m","a","s","i"]}[39m
[35m[HTTP][39m [37m<-- POST /wd/hub/session/95a9d3a3-de02-44f3-8c86-3374df40ea02/element/00000000-0000-005c-ffff-ffff0000010f/value [39m[32m200[39m [90m518 ms - 14[39m
[35m[HTTP][39m [90m[39m
[35m[HTTP][39m [37m-->[39m [37mPOST[39m [37m/wd/hub/session/95a9d3a3-de02-44f3-8c86-3374df40ea02/timeouts[39m
[35m[HTTP][39m [90m{"implicit":50}[39m
[35m[HTTP][39m [37m<-- POST /wd/hub/session/95a9d3a3-de02-44f3-8c86-3374df40ea02/timeouts [39m[32m200[39m [90m1 ms - 14[39m
[35m[HTTP][39m [90m[39m
[35m[HTTP][39m [37m-->[39m [37mGET[39m [37m/wd/hub/session/95a9d3a3-de02-44f3-8c86-3374df40ea02/window/rect[39m
[35m[HTTP][39m [90m{}[39m
[35m[HTTP][39m [37m<-- GET /wd/hub/session/95a9d3a3-de02-44f3-8c86-3374df40ea02/window/rect [39m[32m200[39m [90m9 ms - 50[39m
[35m[HTTP][39m [90m[39m
[35m[HTTP][39m [37m-->[39m [37mPOST[39m [37m/wd/hub/session/95a9d3a3-de02-44f3-8c86-3374df40ea02/elements[39m
[35m[HTTP][39m [90m{"using":"id","value":"id.binar.fp.secondhand:id/iv_product_image"}[39m
[35m[HTTP][39m [37m<-- POST /wd/hub/session/95a9d3a3-de02-44f3-8c86-3374df40ea02/elements [39m[32m200[39m [90m39 ms - 139[39m
[35m[HTTP][39m [90m[39m
[35m[HTTP][39m [37m-->[39m [37mGET[39m [37m/wd/hub/session/95a9d3a3-de02-44f3-8c86-3374df40ea02/element/00000000-0000-005c-ffff-ffff00000119/location[39m
[35m[HTTP][39m [90m{}[39m
[35m[W3C (95a9d3a3)][39m Driver proxy active, passing request on via HTTP proxy
[35m[WD Proxy][39m Replacing sessionId da249b81-2ec6-4777-bcf7-ca7d32cbbf2c with 95a9d3a3-de02-44f3-8c86-3374df40ea02
[35m[HTTP][39m [37m<-- GET /wd/hub/session/95a9d3a3-de02-44f3-8c86-3374df40ea02/element/00000000-0000-005c-ffff-ffff00000119/location [39m[32m200[39m [90m19 ms - 78[39m
[35m[HTTP][39m [90m[39m
[35m[HTTP][39m [37m-->[39m [37mPOST[39m [37m/wd/hub/session/95a9d3a3-de02-44f3-8c86-3374df40ea02/timeouts[39m
[35m[HTTP][39m [90m{"implicit":30000}[39m
[35m[HTTP][39m [37m<-- POST /wd/hub/session/95a9d3a3-de02-44f3-8c86-3374df40ea02/timeouts [39m[32m200[39m [90m1 ms - 14[39m
[35m[HTTP][39m [90m[39m
[35m[HTTP][39m [37m-->[39m [37mPOST[39m [37m/wd/hub/session/95a9d3a3-de02-44f3-8c86-3374df40ea02/element/00000000-0000-005c-ffff-ffff00000119/click[39m
[35m[HTTP][39m [90m{"id":"00000000-0000-005c-ffff-ffff00000119"}[39m
[35m[HTTP][39m [37m<-- POST /wd/hub/session/95a9d3a3-de02-44f3-8c86-3374df40ea02/element/00000000-0000-005c-ffff-ffff00000119/click [39m[32m200[39m [90m972 ms - 14[39m
[35m[HTTP][39m [90m[39m
[35m[HTTP][39m [37m-->[39m [37mPOST[39m [37m/wd/hub/session/95a9d3a3-de02-44f3-8c86-3374df40ea02/timeouts[39m
[35m[HTTP][39m [90m{"implicit":50}[39m
[35m[HTTP][39m [37m<-- POST /wd/hub/session/95a9d3a3-de02-44f3-8c86-3374df40ea02/timeouts [39m[32m200[39m [90m2 ms - 14[39m
[35m[HTTP][39m [90m[39m
[35m[HTTP][39m [37m-->[39m [37mGET[39m [37m/wd/hub/session/95a9d3a3-de02-44f3-8c86-3374df40ea02/window/rect[39m
[35m[HTTP][39m [90m{}[39m
[35m[HTTP][39m [37m<-- GET /wd/hub/session/95a9d3a3-de02-44f3-8c86-3374df40ea02/window/rect [39m[32m200[39m [90m18 ms - 50[39m
[35m[HTTP][39m [90m[39m
[35m[HTTP][39m [37m-->[39m [37mPOST[39m [37m/wd/hub/session/95a9d3a3-de02-44f3-8c86-3374df40ea02/elements[39m
[35m[HTTP][39m [90m{"using":"id","value":"id.binar.fp.secondhand:id/btn_gallery"}[39m
[35m[HTTP][39m [37m<-- POST /wd/hub/session/95a9d3a3-de02-44f3-8c86-3374df40ea02/elements [39m[32m200[39m [90m110 ms - 12[39m
[35m[HTTP][39m [90m[39m
[35m[HTTP][39m [37m-->[39m [37mPOST[39m [37m/wd/hub/session/95a9d3a3-de02-44f3-8c86-3374df40ea02/elements[39m
[35m[HTTP][39m [90m{"using":"id","value":"id.binar.fp.secondhand:id/btn_gallery"}[39m
[35m[HTTP][39m [37m<-- POST /wd/hub/session/95a9d3a3-de02-44f3-8c86-3374df40ea02/elements [39m[32m200[39m [90m76 ms - 12[39m
[35m[HTTP][39m [90m[39m
[35m[HTTP][39m [37m-->[39m [37mPOST[39m [37m/wd/hub/session/95a9d3a3-de02-44f3-8c86-3374df40ea02/elements[39m
[35m[HTTP][39m [90m{"using":"id","value":"id.binar.fp.secondhand:id/btn_gallery"}[39m
[35m[HTTP][39m [37m<-- POST /wd/hub/session/95a9d3a3-de02-44f3-8c86-3374df40ea02/elements [39m[32m200[39m [90m80 ms - 12[39m
[35m[HTTP][39m [90m[39m
[35m[HTTP][39m [37m-->[39m [37mPOST[39m [37m/wd/hub/session/95a9d3a3-de02-44f3-8c86-3374df40ea02/elements[39m
[35m[HTTP][39m [90m{"using":"id","value":"id.binar.fp.secondhand:id/btn_gallery"}[39m
[35m[HTTP][39m [37m<-- POST /wd/hub/session/95a9d3a3-de02-44f3-8c86-3374df40ea02/elements [39m[32m200[39m [90m96 ms - 12[39m
[35m[HTTP][39m [90m[39m
[35m[HTTP][39m [37m-->[39m [37mPOST[39m [37m/wd/hub/session/95a9d3a3-de02-44f3-8c86-3374df40ea02/elements[39m
[35m[HTTP][39m [90m{"using":"id","value":"id.binar.fp.secondhand:id/btn_gallery"}[39m
[35m[HTTP][39m [37m<-- POST /wd/hub/session/95a9d3a3-de02-44f3-8c86-3374df40ea02/elements [39m[32m200[39m [90m88 ms - 12[39m
[35m[HTTP][39m [90m[39m
[35m[HTTP][39m [37m-->[39m [37mPOST[39m [37m/wd/hub/session/95a9d3a3-de02-44f3-8c86-3374df40ea02/elements[39m
[35m[HTTP][39m [90m{"using":"id","value":"id.binar.fp.secondhand:id/btn_gallery"}[39m
[35m[HTTP][39m [37m<-- POST /wd/hub/session/95a9d3a3-de02-44f3-8c86-3374df40ea02/elements [39m[32m200[39m [90m195 ms - 12[39m
[35m[HTTP][39m [90m[39m
[35m[HTTP][39m [37m-->[39m [37mPOST[39m [37m/wd/hub/session/95a9d3a3-de02-44f3-8c86-3374df40ea02/elements[39m
[35m[HTTP][39m [90m{"using":"id","value":"id.binar.fp.secondhand:id/btn_gallery"}[39m
[35m[HTTP][39m [37m<-- POST /wd/hub/session/95a9d3a3-de02-44f3-8c86-3374df40ea02/elements [39m[32m200[39m [90m1093 ms - 12[39m
[35m[HTTP][39m [90m[39m
[35m[HTTP][39m [37m-->[39m [37mPOST[39m [37m/wd/hub/session/95a9d3a3-de02-44f3-8c86-3374df40ea02/elements[39m
[35m[HTTP][39m [90m{"using":"id","value":"id.binar.fp.secondhand:id/btn_gallery"}[39m
[35m[HTTP][39m [37m<-- POST /wd/hub/session/95a9d3a3-de02-44f3-8c86-3374df40ea02/elements [39m[32m200[39m [90m646 ms - 139[39m
[35m[HTTP][39m [90m[39m
[35m[HTTP][39m [37m-->[39m [37mGET[39m [37m/wd/hub/session/95a9d3a3-de02-44f3-8c86-3374df40ea02/element/00000000-0000-005e-ffff-ffff00000241/location[39m
[35m[HTTP][39m [90m{}[39m
[35m[W3C (95a9d3a3)][39m Driver proxy active, passing request on via HTTP proxy
[35m[WD Proxy][39m Replacing sessionId da249b81-2ec6-4777-bcf7-ca7d32cbbf2c with 95a9d3a3-de02-44f3-8c86-3374df40ea02
[35m[HTTP][39m [37m<-- GET /wd/hub/session/95a9d3a3-de02-44f3-8c86-3374df40ea02/element/00000000-0000-005e-ffff-ffff00000241/location [39m[32m200[39m [90m29 ms - 79[39m
[35m[HTTP][39m [90m[39m
[35m[HTTP][39m [37m-->[39m [37mPOST[39m [37m/wd/hub/session/95a9d3a3-de02-44f3-8c86-3374df40ea02/timeouts[39m
[35m[HTTP][39m [90m{"implicit":30000}[39m
[35m[HTTP][39m [37m<-- POST /wd/hub/session/95a9d3a3-de02-44f3-8c86-3374df40ea02/timeouts [39m[32m200[39m [90m1 ms - 14[39m
[35m[HTTP][39m [90m[39m
[35m[HTTP][39m [37m-->[39m [37mPOST[39m [37m/wd/hub/session/95a9d3a3-de02-44f3-8c86-3374df40ea02/element/00000000-0000-005e-ffff-ffff00000241/click[39m
[35m[HTTP][39m [90m{"id":"00000000-0000-005e-ffff-ffff00000241"}[39m
[35m[HTTP][39m [37m<-- POST /wd/hub/session/95a9d3a3-de02-44f3-8c86-3374df40ea02/element/00000000-0000-005e-ffff-ffff00000241/click [39m[32m200[39m [90m71 ms - 14[39m
[35m[HTTP][39m [90m[39m
[35m[HTTP][39m [37m-->[39m [37mPOST[39m [37m/wd/hub/session/95a9d3a3-de02-44f3-8c86-3374df40ea02/timeouts[39m
[35m[HTTP][39m [90m{"implicit":50}[39m
[35m[HTTP][39m [37m<-- POST /wd/hub/session/95a9d3a3-de02-44f3-8c86-3374df40ea02/timeouts [39m[32m200[39m [90m1 ms - 14[39m
[35m[HTTP][39m [90m[39m
[35m[HTTP][39m [37m-->[39m [37mGET[39m [37m/wd/hub/session/95a9d3a3-de02-44f3-8c86-3374df40ea02/window/rect[39m
[35m[HTTP][39m [90m{}[39m
[35m[HTTP][39m [37m<-- GET /wd/hub/session/95a9d3a3-de02-44f3-8c86-3374df40ea02/window/rect [39m[32m200[39m [90m47 ms - 50[39m
[35m[HTTP][39m [90m[39m
[35m[HTTP][39m [37m-->[39m [37mPOST[39m [37m/wd/hub/session/95a9d3a3-de02-44f3-8c86-3374df40ea02/elements[39m
[35m[HTTP][39m [90m{"using":"id","value":"com.google.android.documentsui:id/thumbnail"}[39m
[35m[HTTP][39m [37m<-- POST /wd/hub/session/95a9d3a3-de02-44f3-8c86-3374df40ea02/elements [39m[32m200[39m [90m2117 ms - 139[39m
[35m[HTTP][39m [90m[39m
[35m[HTTP][39m [37m-->[39m [37mGET[39m [37m/wd/hub/session/95a9d3a3-de02-44f3-8c86-3374df40ea02/element/00000000-0000-005f-ffff-ffff000003a2/location[39m
[35m[HTTP][39m [90m{}[39m
[35m[W3C (95a9d3a3)][39m Driver proxy active, passing request on via HTTP proxy
[35m[WD Proxy][39m Replacing sessionId da249b81-2ec6-4777-bcf7-ca7d32cbbf2c with 95a9d3a3-de02-44f3-8c86-3374df40ea02
[35m[HTTP][39m [37m<-- GET /wd/hub/session/95a9d3a3-de02-44f3-8c86-3374df40ea02/element/00000000-0000-005f-ffff-ffff000003a2/location [39m[32m200[39m [90m16 ms - 78[39m
[35m[HTTP][39m [90m[39m
[35m[HTTP][39m [37m-->[39m [37mPOST[39m [37m/wd/hub/session/95a9d3a3-de02-44f3-8c86-3374df40ea02/timeouts[39m
[35m[HTTP][39m [90m{"implicit":30000}[39m
[35m[HTTP][39m [37m<-- POST /wd/hub/session/95a9d3a3-de02-44f3-8c86-3374df40ea02/timeouts [39m[32m200[39m [90m1 ms - 14[39m
[35m[HTTP][39m [90m[39m
[35m[HTTP][39m [37m-->[39m [37mPOST[39m [37m/wd/hub/session/95a9d3a3-de02-44f3-8c86-3374df40ea02/element/00000000-0000-005f-ffff-ffff000003a2/click[39m
[35m[HTTP][39m [90m{"id":"00000000-0000-005f-ffff-ffff000003a2"}[39m
[35m[HTTP][39m [37m<-- POST /wd/hub/session/95a9d3a3-de02-44f3-8c86-3374df40ea02/element/00000000-0000-005f-ffff-ffff000003a2/click [39m[32m200[39m [90m66 ms - 14[39m
[35m[HTTP][39m [90m[39m
[35m[HTTP][39m [37m-->[39m [37mPOST[39m [37m/wd/hub/session/95a9d3a3-de02-44f3-8c86-3374df40ea02/timeouts[39m
[35m[HTTP][39m [90m{"implicit":50}[39m
[35m[HTTP][39m [37m<-- POST /wd/hub/session/95a9d3a3-de02-44f3-8c86-3374df40ea02/timeouts [39m[32m200[39m [90m1 ms - 14[39m
[35m[HTTP][39m [90m[39m
[35m[HTTP][39m [37m-->[39m [37mGET[39m [37m/wd/hub/session/95a9d3a3-de02-44f3-8c86-3374df40ea02/window/rect[39m
[35m[HTTP][39m [90m{}[39m
[35m[HTTP][39m [37m<-- GET /wd/hub/session/95a9d3a3-de02-44f3-8c86-3374df40ea02/window/rect [39m[32m200[39m [90m12 ms - 50[39m
[35m[HTTP][39m [90m[39m
[35m[HTTP][39m [37m-->[39m [37mPOST[39m [37m/wd/hub/session/95a9d3a3-de02-44f3-8c86-3374df40ea02/elements[39m
[35m[HTTP][39m [90m{"using":"id","value":"id.binar.fp.secondhand:id/btn_publish"}[39m
[35m[HTTP][39m [37m<-- POST /wd/hub/session/95a9d3a3-de02-44f3-8c86-3374df40ea02/elements [39m[32m200[39m [90m817 ms - 139[39m
[35m[HTTP][39m [90m[39m
[35m[HTTP][39m [37m-->[39m [37mGET[39m [37m/wd/hub/session/95a9d3a3-de02-44f3-8c86-3374df40ea02/element/00000000-0000-005c-ffff-ffff00000122/location[39m
[35m[HTTP][39m [90m{}[39m
[35m[W3C (95a9d3a3)][39m Driver proxy active, passing request on via HTTP proxy
[35m[WD Proxy][39m Replacing sessionId da249b81-2ec6-4777-bcf7-ca7d32cbbf2c with 95a9d3a3-de02-44f3-8c86-3374df40ea02
[35m[HTTP][39m [37m<-- GET /wd/hub/session/95a9d3a3-de02-44f3-8c86-3374df40ea02/element/00000000-0000-005c-ffff-ffff00000122/location [39m[32m200[39m [90m26 ms - 79[39m
[35m[HTTP][39m [90m[39m
[35m[HTTP][39m [37m-->[39m [37mPOST[39m [37m/wd/hub/session/95a9d3a3-de02-44f3-8c86-3374df40ea02/timeouts[39m
[35m[HTTP][39m [90m{"implicit":30000}[39m
[35m[HTTP][39m [37m<-- POST /wd/hub/session/95a9d3a3-de02-44f3-8c86-3374df40ea02/timeouts [39m[32m200[39m [90m1 ms - 14[39m
[35m[HTTP][39m [90m[39m
[35m[HTTP][39m [37m-->[39m [37mPOST[39m [37m/wd/hub/session/95a9d3a3-de02-44f3-8c86-3374df40ea02/element/00000000-0000-005c-ffff-ffff00000122/click[39m
[35m[HTTP][39m [90m{"id":"00000000-0000-005c-ffff-ffff00000122"}[39m
[35m[HTTP][39m [37m<-- POST /wd/hub/session/95a9d3a3-de02-44f3-8c86-3374df40ea02/element/00000000-0000-005c-ffff-ffff00000122/click [39m[32m200[39m [90m91 ms - 14[39m
[35m[HTTP][39m [90m[39m
[35m[HTTP][39m [37m-->[39m [37mDELETE[39m [37m/wd/hub/session/95a9d3a3-de02-44f3-8c86-3374df40ea02[39m
[35m[HTTP][39m [90m{}[39m
[35m[Appium][39m Removing session 95a9d3a3-de02-44f3-8c86-3374df40ea02 from our master session list
[35m[UiAutomator2][39m Restoring hidden api policy to the device default configuration
[35m[HTTP][39m [37m<-- DELETE /wd/hub/session/95a9d3a3-de02-44f3-8c86-3374df40ea02 [39m[32m200[39m [90m407 ms - 14[39m
[35m[HTTP][39m [90m[39m
